;  LST file generated by mikroListExporter - v.2.0 
; Date/Time: 2021. 02. 15. 14:37:36
;----------------------------------------------

;Address Opcode 	ASM
____SysVT:
0x9FC01180	0x0B40024D  J	___GenExcept
0x9FC01184	0x70000000  NOP	
0x9FC01188	0x70000000  NOP	
0x9FC0118C	0x70000000  NOP	
0x9FC01190	0x70000000  NOP	
0x9FC01194	0x70000000  NOP	
0x9FC01198	0x70000000  NOP	
0x9FC0119C	0x70000000  NOP	
0x9FC011A0	0x70000000  NOP	
0x9FC011A4	0x70000000  NOP	
0x9FC011A8	0x70000000  NOP	
0x9FC011AC	0x70000000  NOP	
0x9FC011B0	0x70000000  NOP	
0x9FC011B4	0x70000000  NOP	
0x9FC011B8	0x70000000  NOP	
0x9FC011BC	0x70000000  NOP	
0x9FC011C0	0x70000000  NOP	
0x9FC011C4	0x70000000  NOP	
0x9FC011C8	0x70000000  NOP	
0x9FC011CC	0x70000000  NOP	
0x9FC011D0	0x70000000  NOP	
0x9FC011D4	0x70000000  NOP	
0x9FC011D8	0x70000000  NOP	
0x9FC011DC	0x70000000  NOP	
0x9FC011E0	0x70000000  NOP	
0x9FC011E4	0x70000000  NOP	
0x9FC011E8	0x70000000  NOP	
0x9FC011EC	0x70000000  NOP	
0x9FC011F0	0x70000000  NOP	
0x9FC011F4	0x70000000  NOP	
0x9FC011F8	0x70000000  NOP	
0x9FC011FC	0x70000000  NOP	
0x9FC01200	0x0B40023D  J	_main
0x9FC01204	0x70000000  NOP	
0x9FC01208	0x70000000  NOP	
0x9FC0120C	0x70000000  NOP	
0x9FC01210	0x70000000  NOP	
0x9FC01214	0x70000000  NOP	
0x9FC01218	0x70000000  NOP	
0x9FC0121C	0x70000000  NOP	
0x9FC01220	0x0B40023D  J	_main
0x9FC01224	0x70000000  NOP	
0x9FC01228	0x70000000  NOP	
0x9FC0122C	0x70000000  NOP	
0x9FC01230	0x70000000  NOP	
0x9FC01234	0x70000000  NOP	
0x9FC01238	0x70000000  NOP	
0x9FC0123C	0x70000000  NOP	
0x9FC01240	0x0B40023D  J	_main
0x9FC01244	0x70000000  NOP	
0x9FC01248	0x70000000  NOP	
0x9FC0124C	0x70000000  NOP	
0x9FC01250	0x70000000  NOP	
0x9FC01254	0x70000000  NOP	
0x9FC01258	0x70000000  NOP	
0x9FC0125C	0x70000000  NOP	
0x9FC01260	0x0B40023D  J	_main
0x9FC01264	0x70000000  NOP	
0x9FC01268	0x70000000  NOP	
0x9FC0126C	0x70000000  NOP	
0x9FC01270	0x70000000  NOP	
0x9FC01274	0x70000000  NOP	
0x9FC01278	0x70000000  NOP	
0x9FC0127C	0x70000000  NOP	
0x9FC01280	0x0B4001F7  J	_Timer1Interrupt
0x9FC01284	0x70000000  NOP	
0x9FC01288	0x70000000  NOP	
0x9FC0128C	0x70000000  NOP	
0x9FC01290	0x70000000  NOP	
0x9FC01294	0x70000000  NOP	
0x9FC01298	0x70000000  NOP	
0x9FC0129C	0x70000000  NOP	
0x9FC012A0	0x0B40023D  J	_main
0x9FC012A4	0x70000000  NOP	
0x9FC012A8	0x70000000  NOP	
0x9FC012AC	0x70000000  NOP	
0x9FC012B0	0x70000000  NOP	
0x9FC012B4	0x70000000  NOP	
0x9FC012B8	0x70000000  NOP	
0x9FC012BC	0x70000000  NOP	
0x9FC012C0	0x0B40023D  J	_main
0x9FC012C4	0x70000000  NOP	
0x9FC012C8	0x70000000  NOP	
0x9FC012CC	0x70000000  NOP	
0x9FC012D0	0x70000000  NOP	
0x9FC012D4	0x70000000  NOP	
0x9FC012D8	0x70000000  NOP	
0x9FC012DC	0x70000000  NOP	
0x9FC012E0	0x0B40023D  J	_main
0x9FC012E4	0x70000000  NOP	
0x9FC012E8	0x70000000  NOP	
0x9FC012EC	0x70000000  NOP	
0x9FC012F0	0x70000000  NOP	
0x9FC012F4	0x70000000  NOP	
0x9FC012F8	0x70000000  NOP	
0x9FC012FC	0x70000000  NOP	
0x9FC01300	0x0B4001E4  J	_Timer2Interrupt
0x9FC01304	0x70000000  NOP	
0x9FC01308	0x70000000  NOP	
0x9FC0130C	0x70000000  NOP	
0x9FC01310	0x70000000  NOP	
0x9FC01314	0x70000000  NOP	
0x9FC01318	0x70000000  NOP	
0x9FC0131C	0x70000000  NOP	
0x9FC01320	0x0B40023D  J	_main
0x9FC01324	0x70000000  NOP	
0x9FC01328	0x70000000  NOP	
0x9FC0132C	0x70000000  NOP	
0x9FC01330	0x70000000  NOP	
0x9FC01334	0x70000000  NOP	
0x9FC01338	0x70000000  NOP	
0x9FC0133C	0x70000000  NOP	
0x9FC01340	0x0B40023D  J	_main
0x9FC01344	0x70000000  NOP	
0x9FC01348	0x70000000  NOP	
0x9FC0134C	0x70000000  NOP	
0x9FC01350	0x70000000  NOP	
0x9FC01354	0x70000000  NOP	
0x9FC01358	0x70000000  NOP	
0x9FC0135C	0x70000000  NOP	
0x9FC01360	0x0B40023D  J	_main
0x9FC01364	0x70000000  NOP	
0x9FC01368	0x70000000  NOP	
0x9FC0136C	0x70000000  NOP	
0x9FC01370	0x70000000  NOP	
0x9FC01374	0x70000000  NOP	
0x9FC01378	0x70000000  NOP	
0x9FC0137C	0x70000000  NOP	
0x9FC01380	0x0B40023D  J	_main
0x9FC01384	0x70000000  NOP	
0x9FC01388	0x70000000  NOP	
0x9FC0138C	0x70000000  NOP	
0x9FC01390	0x70000000  NOP	
0x9FC01394	0x70000000  NOP	
0x9FC01398	0x70000000  NOP	
0x9FC0139C	0x70000000  NOP	
0x9FC013A0	0x0B40023D  J	_main
0x9FC013A4	0x70000000  NOP	
0x9FC013A8	0x70000000  NOP	
0x9FC013AC	0x70000000  NOP	
0x9FC013B0	0x70000000  NOP	
0x9FC013B4	0x70000000  NOP	
0x9FC013B8	0x70000000  NOP	
0x9FC013BC	0x70000000  NOP	
0x9FC013C0	0x0B40023D  J	_main
0x9FC013C4	0x70000000  NOP	
0x9FC013C8	0x70000000  NOP	
0x9FC013CC	0x70000000  NOP	
0x9FC013D0	0x70000000  NOP	
0x9FC013D4	0x70000000  NOP	
0x9FC013D8	0x70000000  NOP	
0x9FC013DC	0x70000000  NOP	
0x9FC013E0	0x0B40023D  J	_main
0x9FC013E4	0x70000000  NOP	
0x9FC013E8	0x70000000  NOP	
0x9FC013EC	0x70000000  NOP	
0x9FC013F0	0x70000000  NOP	
0x9FC013F4	0x70000000  NOP	
0x9FC013F8	0x70000000  NOP	
0x9FC013FC	0x70000000  NOP	
0x9FC01400	0x0B40023D  J	_main
0x9FC01404	0x70000000  NOP	
0x9FC01408	0x70000000  NOP	
0x9FC0140C	0x70000000  NOP	
0x9FC01410	0x70000000  NOP	
0x9FC01414	0x70000000  NOP	
0x9FC01418	0x70000000  NOP	
0x9FC0141C	0x70000000  NOP	
0x9FC01420	0x0B40023D  J	_main
0x9FC01424	0x70000000  NOP	
0x9FC01428	0x70000000  NOP	
0x9FC0142C	0x70000000  NOP	
0x9FC01430	0x70000000  NOP	
0x9FC01434	0x70000000  NOP	
0x9FC01438	0x70000000  NOP	
0x9FC0143C	0x70000000  NOP	
0x9FC01440	0x0B40023D  J	_main
0x9FC01444	0x70000000  NOP	
0x9FC01448	0x70000000  NOP	
0x9FC0144C	0x70000000  NOP	
0x9FC01450	0x70000000  NOP	
0x9FC01454	0x70000000  NOP	
0x9FC01458	0x70000000  NOP	
0x9FC0145C	0x70000000  NOP	
0x9FC01460	0x0B40023D  J	_main
0x9FC01464	0x70000000  NOP	
0x9FC01468	0x70000000  NOP	
0x9FC0146C	0x70000000  NOP	
0x9FC01470	0x70000000  NOP	
0x9FC01474	0x70000000  NOP	
0x9FC01478	0x70000000  NOP	
0x9FC0147C	0x70000000  NOP	
0x9FC01480	0x0B40023D  J	_main
0x9FC01484	0x70000000  NOP	
0x9FC01488	0x70000000  NOP	
0x9FC0148C	0x70000000  NOP	
0x9FC01490	0x70000000  NOP	
0x9FC01494	0x70000000  NOP	
0x9FC01498	0x70000000  NOP	
0x9FC0149C	0x70000000  NOP	
0x9FC014A0	0x0B40023D  J	_main
0x9FC014A4	0x70000000  NOP	
0x9FC014A8	0x70000000  NOP	
0x9FC014AC	0x70000000  NOP	
0x9FC014B0	0x70000000  NOP	
0x9FC014B4	0x70000000  NOP	
0x9FC014B8	0x70000000  NOP	
0x9FC014BC	0x70000000  NOP	
0x9FC014C0	0x0B40023D  J	_main
0x9FC014C4	0x70000000  NOP	
0x9FC014C8	0x70000000  NOP	
0x9FC014CC	0x70000000  NOP	
0x9FC014D0	0x70000000  NOP	
0x9FC014D4	0x70000000  NOP	
0x9FC014D8	0x70000000  NOP	
0x9FC014DC	0x70000000  NOP	
0x9FC014E0	0x0B40023D  J	_main
0x9FC014E4	0x70000000  NOP	
0x9FC014E8	0x70000000  NOP	
0x9FC014EC	0x70000000  NOP	
0x9FC014F0	0x70000000  NOP	
0x9FC014F4	0x70000000  NOP	
0x9FC014F8	0x70000000  NOP	
0x9FC014FC	0x70000000  NOP	
0x9FC01500	0x0B40023D  J	_main
0x9FC01504	0x70000000  NOP	
0x9FC01508	0x70000000  NOP	
0x9FC0150C	0x70000000  NOP	
0x9FC01510	0x70000000  NOP	
0x9FC01514	0x70000000  NOP	
0x9FC01518	0x70000000  NOP	
0x9FC0151C	0x70000000  NOP	
0x9FC01520	0x0B40023D  J	_main
0x9FC01524	0x70000000  NOP	
0x9FC01528	0x70000000  NOP	
0x9FC0152C	0x70000000  NOP	
0x9FC01530	0x70000000  NOP	
0x9FC01534	0x70000000  NOP	
0x9FC01538	0x70000000  NOP	
0x9FC0153C	0x70000000  NOP	
0x9FC01540	0x0B40023D  J	_main
0x9FC01544	0x70000000  NOP	
0x9FC01548	0x70000000  NOP	
0x9FC0154C	0x70000000  NOP	
0x9FC01550	0x70000000  NOP	
0x9FC01554	0x70000000  NOP	
0x9FC01558	0x70000000  NOP	
0x9FC0155C	0x70000000  NOP	
0x9FC01560	0x0B40023D  J	_main
0x9FC01564	0x70000000  NOP	
0x9FC01568	0x70000000  NOP	
0x9FC0156C	0x70000000  NOP	
0x9FC01570	0x70000000  NOP	
0x9FC01574	0x70000000  NOP	
0x9FC01578	0x70000000  NOP	
0x9FC0157C	0x70000000  NOP	
0x9FC01580	0x0B40023D  J	_main
0x9FC01584	0x70000000  NOP	
0x9FC01588	0x70000000  NOP	
0x9FC0158C	0x70000000  NOP	
0x9FC01590	0x70000000  NOP	
0x9FC01594	0x70000000  NOP	
0x9FC01598	0x70000000  NOP	
0x9FC0159C	0x70000000  NOP	
0x9FC015A0	0x0B40023D  J	_main
0x9FC015A4	0x70000000  NOP	
0x9FC015A8	0x70000000  NOP	
0x9FC015AC	0x70000000  NOP	
0x9FC015B0	0x70000000  NOP	
0x9FC015B4	0x70000000  NOP	
0x9FC015B8	0x70000000  NOP	
0x9FC015BC	0x70000000  NOP	
0x9FC015C0	0x0B40023D  J	_main
0x9FC015C4	0x70000000  NOP	
0x9FC015C8	0x70000000  NOP	
0x9FC015CC	0x70000000  NOP	
0x9FC015D0	0x70000000  NOP	
0x9FC015D4	0x70000000  NOP	
0x9FC015D8	0x70000000  NOP	
0x9FC015DC	0x70000000  NOP	
0x9FC015E0	0x0B40023D  J	_main
0x9FC015E4	0x70000000  NOP	
0x9FC015E8	0x70000000  NOP	
0x9FC015EC	0x70000000  NOP	
0x9FC015F0	0x70000000  NOP	
0x9FC015F4	0x70000000  NOP	
0x9FC015F8	0x70000000  NOP	
0x9FC015FC	0x70000000  NOP	
0x9FC01600	0x0B40023D  J	_main
0x9FC01604	0x70000000  NOP	
0x9FC01608	0x70000000  NOP	
0x9FC0160C	0x70000000  NOP	
0x9FC01610	0x70000000  NOP	
0x9FC01614	0x70000000  NOP	
0x9FC01618	0x70000000  NOP	
0x9FC0161C	0x70000000  NOP	
0x9FC01620	0x0B40023D  J	_main
0x9FC01624	0x70000000  NOP	
0x9FC01628	0x70000000  NOP	
0x9FC0162C	0x70000000  NOP	
0x9FC01630	0x70000000  NOP	
0x9FC01634	0x70000000  NOP	
0x9FC01638	0x70000000  NOP	
0x9FC0163C	0x70000000  NOP	
0x9FC01640	0x0B40023D  J	_main
0x9FC01644	0x70000000  NOP	
0x9FC01648	0x70000000  NOP	
0x9FC0164C	0x70000000  NOP	
0x9FC01650	0x70000000  NOP	
0x9FC01654	0x70000000  NOP	
0x9FC01658	0x70000000  NOP	
0x9FC0165C	0x70000000  NOP	
0x9FC01660	0x0B40023D  J	_main
0x9FC01664	0x70000000  NOP	
0x9FC01668	0x70000000  NOP	
0x9FC0166C	0x70000000  NOP	
0x9FC01670	0x70000000  NOP	
0x9FC01674	0x70000000  NOP	
0x9FC01678	0x70000000  NOP	
0x9FC0167C	0x70000000  NOP	
0x9FC01680	0x0B40023D  J	_main
0x9FC01684	0x70000000  NOP	
0x9FC01688	0x70000000  NOP	
0x9FC0168C	0x70000000  NOP	
0x9FC01690	0x70000000  NOP	
0x9FC01694	0x70000000  NOP	
0x9FC01698	0x70000000  NOP	
0x9FC0169C	0x70000000  NOP	
0x9FC016A0	0x0B40023D  J	_main
0x9FC016A4	0x70000000  NOP	
0x9FC016A8	0x70000000  NOP	
0x9FC016AC	0x70000000  NOP	
0x9FC016B0	0x70000000  NOP	
0x9FC016B4	0x70000000  NOP	
0x9FC016B8	0x70000000  NOP	
0x9FC016BC	0x70000000  NOP	
0x9FC016C0	0x0B40023D  J	_main
0x9FC016C4	0x70000000  NOP	
0x9FC016C8	0x70000000  NOP	
0x9FC016CC	0x70000000  NOP	
0x9FC016D0	0x70000000  NOP	
0x9FC016D4	0x70000000  NOP	
0x9FC016D8	0x70000000  NOP	
0x9FC016DC	0x70000000  NOP	
0x9FC016E0	0x0B40023D  J	_main
0x9FC016E4	0x70000000  NOP	
0x9FC016E8	0x70000000  NOP	
0x9FC016EC	0x70000000  NOP	
0x9FC016F0	0x70000000  NOP	
0x9FC016F4	0x70000000  NOP	
0x9FC016F8	0x70000000  NOP	
0x9FC016FC	0x70000000  NOP	
0x9FC01700	0x0B40023D  J	_main
0x9FC01704	0x70000000  NOP	
0x9FC01708	0x70000000  NOP	
0x9FC0170C	0x70000000  NOP	
0x9FC01710	0x70000000  NOP	
0x9FC01714	0x70000000  NOP	
0x9FC01718	0x70000000  NOP	
0x9FC0171C	0x70000000  NOP	
0x9FC01720	0x0B40023D  J	_main
0x9FC01724	0x70000000  NOP	
0x9FC01728	0x70000000  NOP	
0x9FC0172C	0x70000000  NOP	
0x9FC01730	0x70000000  NOP	
0x9FC01734	0x70000000  NOP	
0x9FC01738	0x70000000  NOP	
0x9FC0173C	0x70000000  NOP	
0x9FC01740	0x0B40023D  J	_main
0x9FC01744	0x70000000  NOP	
0x9FC01748	0x70000000  NOP	
0x9FC0174C	0x70000000  NOP	
0x9FC01750	0x70000000  NOP	
0x9FC01754	0x70000000  NOP	
0x9FC01758	0x70000000  NOP	
0x9FC0175C	0x70000000  NOP	
0x9FC01760	0x0B40023D  J	_main
0x9FC01764	0x70000000  NOP	
0x9FC01768	0x70000000  NOP	
0x9FC0176C	0x70000000  NOP	
0x9FC01770	0x70000000  NOP	
0x9FC01774	0x70000000  NOP	
0x9FC01778	0x70000000  NOP	
0x9FC0177C	0x70000000  NOP	
0x9FC01780	0x0B40023D  J	_main
0x9FC01784	0x70000000  NOP	
0x9FC01788	0x70000000  NOP	
0x9FC0178C	0x70000000  NOP	
0x9FC01790	0x70000000  NOP	
0x9FC01794	0x70000000  NOP	
0x9FC01798	0x70000000  NOP	
0x9FC0179C	0x70000000  NOP	
0x9FC017A0	0x0B40023D  J	_main
0x9FC017A4	0x70000000  NOP	
0x9FC017A8	0x70000000  NOP	
0x9FC017AC	0x70000000  NOP	
0x9FC017B0	0x70000000  NOP	
0x9FC017B4	0x70000000  NOP	
0x9FC017B8	0x70000000  NOP	
0x9FC017BC	0x70000000  NOP	
0x9FC017C0	0x0B40023D  J	_main
0x9FC017C4	0x70000000  NOP	
0x9FC017C8	0x70000000  NOP	
0x9FC017CC	0x70000000  NOP	
0x9FC017D0	0x70000000  NOP	
0x9FC017D4	0x70000000  NOP	
0x9FC017D8	0x70000000  NOP	
0x9FC017DC	0x70000000  NOP	
0x9FC017E0	0x0B40023D  J	_main
0x9FC017E4	0x70000000  NOP	
0x9FC017E8	0x70000000  NOP	
0x9FC017EC	0x70000000  NOP	
0x9FC017F0	0x70000000  NOP	
0x9FC017F4	0x70000000  NOP	
0x9FC017F8	0x70000000  NOP	
0x9FC017FC	0x70000000  NOP	
0x9FC01800	0x0B40023D  J	_main
0x9FC01804	0x70000000  NOP	
0x9FC01808	0x70000000  NOP	
0x9FC0180C	0x70000000  NOP	
0x9FC01810	0x70000000  NOP	
0x9FC01814	0x70000000  NOP	
0x9FC01818	0x70000000  NOP	
0x9FC0181C	0x70000000  NOP	
0x9FC01820	0x0B40023D  J	_main
0x9FC01824	0x70000000  NOP	
0x9FC01828	0x70000000  NOP	
0x9FC0182C	0x70000000  NOP	
0x9FC01830	0x70000000  NOP	
0x9FC01834	0x70000000  NOP	
0x9FC01838	0x70000000  NOP	
0x9FC0183C	0x70000000  NOP	
0x9FC01840	0x0B40023D  J	_main
0x9FC01844	0x70000000  NOP	
0x9FC01848	0x70000000  NOP	
0x9FC0184C	0x70000000  NOP	
0x9FC01850	0x70000000  NOP	
0x9FC01854	0x70000000  NOP	
0x9FC01858	0x70000000  NOP	
0x9FC0185C	0x70000000  NOP	
0x9FC01860	0x0B40023D  J	_main
0x9FC01864	0x70000000  NOP	
; end of ____SysVT
____BootVT:
0xBFC00380	0x3C1E9D00  LUI	R30, 40192
0xBFC00384	0x37DE091C  ORI	R30, R30, 2332
0xBFC00388	0x03C00008  JR	R30
0xBFC0038C	0x70000000  NOP	
; end of ____BootVT
_main:
;djsync.mpas, 219 :: 		begin                          // Main loop
0x9D0008F4	0x0F400256  JAL	2634025304
0x9D0008F8	0x70000000  NOP	
;djsync.mpas, 220 :: 		Init;                        // Call Init procedure
0x9D0008FC	0x0F40017A  JAL	_Init+0
0x9D000900	0x70000000  NOP	
;djsync.mpas, 221 :: 		while true do
L__main38:
;djsync.mpas, 223 :: 		LEDCHAR4(1);
0x9D000904	0x0F4000FB  JAL	_LEDCHAR4+0
0x9D000908	0x34190001  ORI	R25, R0, 1
;djsync.mpas, 224 :: 		end;
0x9D00090C	0x0B400241  J	L__main38
0x9D000910	0x70000000  NOP	
;djsync.mpas, 225 :: 		end.
L_end_main:
L__main_end_loop:
0x9D000914	0x0B400245  J	L__main_end_loop
0x9D000918	0x70000000  NOP	
; end of _main
___FillZeros:
;__Lib_System.mpas, 194 :: 		
0x9D000770	0x27BDFFFC  ADDIU	SP, SP, -4
;__Lib_System.mpas, 196 :: 		
L___FillZeros0:
;__Lib_System.mpas, 197 :: 		
0x9D000774	0x12F60004  BEQ	R23, R22, L___FillZeros1
;__Lib_System.mpas, 198 :: 		
0x9D000778	0x70000000  NOP	
;__Lib_System.mpas, 199 :: 		
L____FillZeros4:
;__Lib_System.mpas, 200 :: 		
0x9D00077C	0xAEE00000  SW	R0, 0(R23)
;__Lib_System.mpas, 201 :: 		
0x9D000780	0x0B4001DD  J	L___FillZeros0
;__Lib_System.mpas, 202 :: 		
0x9D000784	0x26F70004  ADDIU	R23, R23, 4
;__Lib_System.mpas, 203 :: 		
L___FillZeros1:
;__Lib_System.mpas, 205 :: 		
L_end___FillZeros:
0x9D000788	0x03E00008  JR	RA
0x9D00078C	0x27BD0004  ADDIU	SP, SP, 4
; end of ___FillZeros
_Init:
;djsync.mpas, 182 :: 		begin
0x9D0005E8	0x27BDFFE8  ADDIU	SP, SP, -24
0x9D0005EC	0xAFBF0000  SW	RA, 0(SP)
;djsync.mpas, 184 :: 		UART1_Init(57600);
0x9D0005F0	0xAFB90004  SW	R25, 4(SP)
0x9D0005F4	0x0F40008B  JAL	_UART1_Init+0
0x9D0005F8	0x3419E100  ORI	R25, R0, 57600
;djsync.mpas, 185 :: 		UART1_Write_Text('Debug mode ON');
0x9D0005FC	0x27A30008  ADDIU	R3, SP, 8
0x9D000600	0x34020044  ORI	R2, R0, 68
0x9D000604	0xA0620000  SB	R2, 0(R3)
0x9D000608	0x34020065  ORI	R2, R0, 101
0x9D00060C	0xA0620001  SB	R2, 1(R3)
0x9D000610	0x34020062  ORI	R2, R0, 98
0x9D000614	0xA0620002  SB	R2, 2(R3)
0x9D000618	0x34020075  ORI	R2, R0, 117
0x9D00061C	0xA0620003  SB	R2, 3(R3)
0x9D000620	0x34020067  ORI	R2, R0, 103
0x9D000624	0xA0620004  SB	R2, 4(R3)
0x9D000628	0x34020020  ORI	R2, R0, 32
0x9D00062C	0xA0620005  SB	R2, 5(R3)
0x9D000630	0x3402006D  ORI	R2, R0, 109
0x9D000634	0xA0620006  SB	R2, 6(R3)
0x9D000638	0x3402006F  ORI	R2, R0, 111
0x9D00063C	0xA0620007  SB	R2, 7(R3)
0x9D000640	0x34020064  ORI	R2, R0, 100
0x9D000644	0xA0620008  SB	R2, 8(R3)
0x9D000648	0x34020065  ORI	R2, R0, 101
0x9D00064C	0xA0620009  SB	R2, 9(R3)
0x9D000650	0x34020020  ORI	R2, R0, 32
0x9D000654	0xA062000A  SB	R2, 10(R3)
0x9D000658	0x3402004F  ORI	R2, R0, 79
0x9D00065C	0xA062000B  SB	R2, 11(R3)
0x9D000660	0x3402004E  ORI	R2, R0, 78
0x9D000664	0xA062000C  SB	R2, 12(R3)
0x9D000668	0xA060000D  SB	R0, 13(R3)
0x9D00066C	0x27A20008  ADDIU	R2, SP, 8
0x9D000670	0x0F4000C8  JAL	_UART1_Write_Text+0
0x9D000674	0x0040C80A  MOVZ	R25, R2, R0
;djsync.mpas, 186 :: 		UART1_Write(13);
0x9D000678	0x0F400025  JAL	_UART1_Write+0
0x9D00067C	0x3419000D  ORI	R25, R0, 13
;djsync.mpas, 188 :: 		DisableInterrupts;
0x9D000680	0x417E6000  DI	R30
;djsync.mpas, 189 :: 		Time := 0;
0x9D000684	0xA4208008  SH	R0, Offset(_Time+0)(GP)
;djsync.mpas, 190 :: 		AD1PCFG := 0xFFFF;         // All pins are digital
0x9D000688	0x3402FFFF  ORI	R2, R0, 65535
0x9D00068C	0x3C1EBF81  LUI	R30, 49025
0x9D000690	0xAFC29060  SW	R2, -28576(R30)
;djsync.mpas, 191 :: 		TRISB15_bit := 1;          // RB15 input
0x9D000694	0x34020080  ORI	R2, R0, 0x0080
0x9D000698	0x3C1EBF88  LUI	R30, 49032
0x9D00069C	0xA3C26049  SB	R2, 24649(R30)
;djsync.mpas, 193 :: 		TRISF4_bit := 0;
0x9D0006A0	0x34020010  ORI	R2, R0, 0x0010
0x9D0006A4	0x3C1EBF88  LUI	R30, 49032
0x9D0006A8	0xA3C26144  SB	R2, 24900(R30)
;djsync.mpas, 194 :: 		TRISF5_bit := 0;
0x9D0006AC	0x34020020  ORI	R2, R0, 0x0020
0x9D0006B0	0x3C1EBF88  LUI	R30, 49032
0x9D0006B4	0xA3C26144  SB	R2, 24900(R30)
;djsync.mpas, 195 :: 		TRISG8_bit := 0;
0x9D0006B8	0x34020001  ORI	R2, R0, 0x0001
0x9D0006BC	0x3C1EBF88  LUI	R30, 49032
0x9D0006C0	0xA3C26185  SB	R2, 24965(R30)
;djsync.mpas, 196 :: 		TRISG7_bit := 0;
0x9D0006C4	0x34020080  ORI	R2, R0, 0x0080
0x9D0006C8	0x3C1EBF88  LUI	R30, 49032
0x9D0006CC	0xA3C26184  SB	R2, 24964(R30)
;djsync.mpas, 197 :: 		TRISG6_bit := 0;
0x9D0006D0	0x34020040  ORI	R2, R0, 0x0040
0x9D0006D4	0x3C1EBF88  LUI	R30, 49032
0x9D0006D8	0xA3C26184  SB	R2, 24964(R30)
;djsync.mpas, 199 :: 		TRISE := 0;                // PORTE to be outputs
0x9D0006DC	0x3C1EBF88  LUI	R30, 49032
0x9D0006E0	0xAFC06100  SW	R0, 24832(R30)
;djsync.mpas, 200 :: 		LATE := 0;                 // PORTE set off
0x9D0006E4	0x3C1EBF88  LUI	R30, 49032
0x9D0006E8	0xAFC06120  SW	R0, 24864(R30)
;djsync.mpas, 201 :: 		MVEC_bit := 1;
0x9D0006EC	0x34020010  ORI	R2, R0, 0x0010
0x9D0006F0	0x3C1EBF88  LUI	R30, 49032
;djsync.mpas, 202 :: 		InitTimer1;                // Init. Timer1 ISR - Read UI / 1kHz
0x9D0006F4	0x0F400030  JAL	_InitTimer1+0
0x9D0006F8	0xA3C21009  SB	R2, 4105(R30)
;djsync.mpas, 203 :: 		InitTimer2;                // Init. Timer2 ISR - Refresh UI / 100Hz
0x9D0006FC	0x0F400072  JAL	_InitTimer2+0
0x9D000700	0x70000000  NOP	
;djsync.mpas, 205 :: 		dummy := PORTD;
0x9D000704	0x3C1EBF88  LUI	R30, 49032
0x9D000708	0x8FC260D0  LW	R2, 24784(R30)
0x9D00070C	0xA4228006  SH	R2, Offset(_dummy+0)(GP)
;djsync.mpas, 206 :: 		CNIF_bit := 0;
0x9D000710	0x34020001  ORI	R2, R0, 0x0001
0x9D000714	0x3C1EBF88  LUI	R30, 49032
0x9D000718	0xA3C21044  SB	R2, 4164(R30)
;djsync.mpas, 207 :: 		EnableInterrupts;
0x9D00071C	0x417E6020  EI	R30
;djsync.mpas, 208 :: 		SEG1 := 1;
0x9D000720	0x34020010  ORI	R2, R0, 0x0010
0x9D000724	0x3C1EBF88  LUI	R30, 49032
0x9D000728	0xA3C26168  SB	R2, 24936(R30)
;djsync.mpas, 209 :: 		SEG2 := 1;
0x9D00072C	0x34020020  ORI	R2, R0, 0x0020
0x9D000730	0x3C1EBF88  LUI	R30, 49032
0x9D000734	0xA3C26168  SB	R2, 24936(R30)
;djsync.mpas, 210 :: 		SEG3 := 1;
0x9D000738	0x34020001  ORI	R2, R0, 0x0001
0x9D00073C	0x3C1EBF88  LUI	R30, 49032
0x9D000740	0xA3C261A9  SB	R2, 25001(R30)
;djsync.mpas, 211 :: 		SEG4 := 1;
0x9D000744	0x34020080  ORI	R2, R0, 0x0080
0x9D000748	0x3C1EBF88  LUI	R30, 49032
0x9D00074C	0xA3C261A8  SB	R2, 25000(R30)
;djsync.mpas, 213 :: 		Timer1_Counter := 0;
0x9D000750	0xA420800A  SH	R0, Offset(_Timer1_Counter+0)(GP)
;djsync.mpas, 214 :: 		Segment_Counter := 0;
0x9D000754	0xA0208004  SB	R0, Offset(_Segment_Counter+0)(GP)
;djsync.mpas, 216 :: 		srand(30000);
0x9D000758	0x0F40006B  JAL	_srand+0
0x9D00075C	0x34197530  ORI	R25, R0, 30000
;djsync.mpas, 217 :: 		end;
L_end_Init:
0x9D000760	0x8FB90004  LW	R25, 4(SP)
0x9D000764	0x8FBF0000  LW	RA, 0(SP)
0x9D000768	0x03E00008  JR	RA
0x9D00076C	0x27BD0018  ADDIU	SP, SP, 24
; end of _Init
_UART1_Init:
;__Lib_UART_123456.mpas, 117 :: 		
0x9D00022C	0x27BDFFEC  ADDIU	SP, SP, -20
0x9D000230	0xAFBF0000  SW	RA, 0(SP)
;__Lib_UART_123456.mpas, 118 :: 		
0x9D000234	0xAFB90004  SW	R25, 4(SP)
0x9D000238	0xAFBA0008  SW	R26, 8(SP)
0x9D00023C	0xAFBB000C  SW	R27, 12(SP)
0x9D000240	0x3C029D00  LUI	R2, hi_addr(_UART1_Write+0)
0x9D000244	0x34420094  ORI	R2, R2, lo_addr(_UART1_Write+0)
0x9D000248	0xAC228018  SW	R2, Offset(_UART_Wr_Ptr+0)(GP)
;__Lib_UART_123456.mpas, 119 :: 		
0x9D00024C	0x3C02FFFF  LUI	R2, hi_addr(_UART1_Read+0)
0x9D000250	0x3442FFFF  ORI	R2, R2, lo_addr(_UART1_Read+0)
0x9D000254	0xAC228014  SW	R2, Offset(_UART_Rd_Ptr+0)(GP)
;__Lib_UART_123456.mpas, 120 :: 		
0x9D000258	0x3C02FFFF  LUI	R2, hi_addr(_UART1_Data_Ready+0)
0x9D00025C	0x3442FFFF  ORI	R2, R2, lo_addr(_UART1_Data_Ready+0)
0x9D000260	0xAC22800C  SW	R2, Offset(_UART_Rdy_Ptr+0)(GP)
;__Lib_UART_123456.mpas, 121 :: 		
0x9D000264	0x3C02FFFF  LUI	R2, hi_addr(_UART1_TX_Idle+0)
0x9D000268	0x3442FFFF  ORI	R2, R2, lo_addr(_UART1_TX_Idle+0)
;__Lib_UART_123456.mpas, 123 :: 		
0x9D00026C	0x0F400000  JAL	_Get_Fosc_kHz+0
0x9D000270	0xAC228000  SW	R2, Offset(_UART_TX_Idle_Ptr+0)(GP)
0x9D000274	0xAFB90010  SW	R25, 16(SP)
0x9D000278	0x0000D80A  MOVZ	R27, R0, R0
0x9D00027C	0x0320D00A  MOVZ	R26, R25, R0
0x9D000280	0x0F400004  JAL	__Lib_UART_123456_UART_Calc_BRG+0
0x9D000284	0x0040C80A  MOVZ	R25, R2, R0
0x9D000288	0x8FB90010  LW	R25, 16(SP)
; brg_tmp start address is: 16 (R4)
0x9D00028C	0x0040200A  MOVZ	R4, R2, R0
;__Lib_UART_123456.mpas, 124 :: 		
0x9D000290	0x34030008  ORI	R3, R0, 8
0x9D000294	0x3C1EBF80  LUI	R30, 49024
0x9D000298	0xAFC36004  SW	R3, 24580(R30)
;__Lib_UART_123456.mpas, 125 :: 		
0x9D00029C	0x3042FFFF  ANDI	R2, R2, 65535
0x9D0002A0	0x1440000C  BNE	R2, R0, L__UART1_Init354
0x9D0002A4	0x70000000  NOP	
L__UART1_Init376:
; brg_tmp end address is: 16 (R4)
;__Lib_UART_123456.mpas, 127 :: 		
0x9D0002A8	0x0F400000  JAL	_Get_Fosc_kHz+0
0x9D0002AC	0x70000000  NOP	
0x9D0002B0	0x341B0001  ORI	R27, R0, 1
0x9D0002B4	0x0320D00A  MOVZ	R26, R25, R0
0x9D0002B8	0x0F400004  JAL	__Lib_UART_123456_UART_Calc_BRG+0
0x9D0002BC	0x0040C80A  MOVZ	R25, R2, R0
; brg_tmp start address is: 12 (R3)
0x9D0002C0	0x0040180A  MOVZ	R3, R2, R0
;__Lib_UART_123456.mpas, 128 :: 		
0x9D0002C4	0x34020008  ORI	R2, R0, 8
0x9D0002C8	0x3C1EBF80  LUI	R30, 49024
; brg_tmp end address is: 12 (R3)
;__Lib_UART_123456.mpas, 129 :: 		
0x9D0002CC	0x0B4000B6  J	L__UART1_Init9
0x9D0002D0	0xAFC26008  SW	R2, 24584(R30)
L__UART1_Init354:
;__Lib_UART_123456.mpas, 125 :: 		
0x9D0002D4	0x3083FFFF  ANDI	R3, R4, 65535
;__Lib_UART_123456.mpas, 129 :: 		
L__UART1_Init9:
;__Lib_UART_123456.mpas, 130 :: 		
; brg_tmp start address is: 12 (R3)
0x9D0002D8	0x2462FFFF  ADDIU	R2, R3, -1
; brg_tmp end address is: 12 (R3)
;__Lib_UART_123456.mpas, 131 :: 		
0x9D0002DC	0x3042FFFF  ANDI	R2, R2, 65535
0x9D0002E0	0x3C1EBF80  LUI	R30, 49024
0x9D0002E4	0xAFC26040  SW	R2, 24640(R30)
;__Lib_UART_123456.mpas, 132 :: 		
0x9D0002E8	0x3C1EBF80  LUI	R30, 49024
0x9D0002EC	0x8FC26000  LW	R2, 24576(R30)
0x9D0002F0	0x34428000  ORI	R2, R2, 32768
0x9D0002F4	0x3C1EBF80  LUI	R30, 49024
0x9D0002F8	0xAFC26000  SW	R2, 24576(R30)
;__Lib_UART_123456.mpas, 133 :: 		
0x9D0002FC	0x34021400  ORI	R2, R0, 5120
0x9D000300	0x3C1EBF80  LUI	R30, 49024
0x9D000304	0xAFC26010  SW	R2, 24592(R30)
;__Lib_UART_123456.mpas, 135 :: 		
L_end_UART1_Init:
0x9D000308	0x8FBB000C  LW	R27, 12(SP)
0x9D00030C	0x8FBA0008  LW	R26, 8(SP)
0x9D000310	0x8FB90004  LW	R25, 4(SP)
0x9D000314	0x8FBF0000  LW	RA, 0(SP)
0x9D000318	0x03E00008  JR	RA
0x9D00031C	0x27BD0014  ADDIU	SP, SP, 20
; end of _UART1_Init
_Get_Fosc_kHz:
;__Lib_Delays.mpas, 24 :: 		begin
;__Lib_Delays.mpas, 25 :: 		result := Clock_kHz();
; Result start address is: 8 (R2)
0x9D000000	0x3C020001  LUI	R2, 1
0x9D000004	0x34423880  ORI	R2, R2, 14464
;__Lib_Delays.mpas, 26 :: 		end;
; Result end address is: 8 (R2)
L_end_Get_Fosc_kHz:
0x9D000008	0x03E00008  JR	RA
0x9D00000C	0x70000000  NOP	
; end of _Get_Fosc_kHz
__Lib_UART_123456_UART_Calc_BRG:
;__Lib_UART_123456.mpas, 94 :: 		
0x9D000010	0x27BDFFFC  ADDIU	SP, SP, -4
;__Lib_UART_123456.mpas, 95 :: 		
0x9D000014	0x340203E8  ORI	R2, R0, 1000
0x9D000018	0x03220019  MULTU	R25, R2
0x9D00001C	0x00002012  MFLO	R4
;__Lib_UART_123456.mpas, 97 :: 		
0x9D000020	0x3C1EBF81  LUI	R30, 49025
0x9D000024	0x8FC3F000  LW	R3, -4096(R30)
0x9D000028	0x3C020018  LUI	R2, 24
0x9D00002C	0x00621024  AND	R2, R3, R2
0x9D000030	0x000214C2  SRL	R2, R2, 19
0x9D000034	0x00441006  SRLV	R2, R4, R2
; tmp start address is: 16 (R4)
;__Lib_UART_123456.mpas, 100 :: 		
0x9D000038	0x17600004  BNE	R27, R0, L___Lib_UART_123456_UART_Calc_BRG2
0x9D00003C	0x0040200A  MOVZ	R4, R2, R0
L___Lib_UART_123456_UART_Calc_BRG373:
;__Lib_UART_123456.mpas, 101 :: 		
0x9D000040	0x001A1100  SLL	R2, R26, 4
; tmp1 start address is: 20 (R5)
; tmp1 end address is: 20 (R5)
0x9D000044	0x0B400015  J	L___Lib_UART_123456_UART_Calc_BRG3
0x9D000048	0x0040280A  MOVZ	R5, R2, R0
;__Lib_UART_123456.mpas, 102 :: 		
L___Lib_UART_123456_UART_Calc_BRG2:
;__Lib_UART_123456.mpas, 103 :: 		
0x9D00004C	0x001A1080  SLL	R2, R26, 2
; tmp1 start address is: 20 (R5)
0x9D000050	0x0040280A  MOVZ	R5, R2, R0
; tmp1 end address is: 20 (R5)
L___Lib_UART_123456_UART_Calc_BRG3:
;__Lib_UART_123456.mpas, 105 :: 		
; tmp1 start address is: 20 (R5)
0x9D000054	0x0085001B  DIVU	R4, R5
0x9D000058	0x00001810  MFHI	R3
;__Lib_UART_123456.mpas, 106 :: 		
0x9D00005C	0x0085001B  DIVU	R4, R5
0x9D000060	0x00001012  MFLO	R2
0x9D000064	0x0040200A  MOVZ	R4, R2, R0
;__Lib_UART_123456.mpas, 108 :: 		
0x9D000068	0x00051042  SRL	R2, R5, 1
; tmp1 end address is: 20 (R5)
0x9D00006C	0x0043102B  SLTU	R2, R2, R3
0x9D000070	0x10400004  BEQ	R2, R0, L___Lib_UART_123456_UART_Calc_BRG353
0x9D000074	0x70000000  NOP	
L___Lib_UART_123456_UART_Calc_BRG374:
;__Lib_UART_123456.mpas, 109 :: 		
0x9D000078	0x24820001  ADDIU	R2, R4, 1
; tmp end address is: 16 (R4)
; tmp start address is: 12 (R3)
; tmp end address is: 12 (R3)
0x9D00007C	0x0B400022  J	L___Lib_UART_123456_UART_Calc_BRG5
0x9D000080	0x0040180A  MOVZ	R3, R2, R0
L___Lib_UART_123456_UART_Calc_BRG353:
;__Lib_UART_123456.mpas, 108 :: 		
0x9D000084	0x0080180A  MOVZ	R3, R4, R0
;__Lib_UART_123456.mpas, 109 :: 		
L___Lib_UART_123456_UART_Calc_BRG5:
;__Lib_UART_123456.mpas, 111 :: 		
; tmp start address is: 12 (R3)
; Result start address is: 8 (R2)
0x9D000088	0x0060100A  MOVZ	R2, R3, R0
; tmp end address is: 12 (R3)
;__Lib_UART_123456.mpas, 112 :: 		
; Result end address is: 8 (R2)
L_end_UART_Calc_BRG:
0x9D00008C	0x03E00008  JR	RA
0x9D000090	0x27BD0004  ADDIU	SP, SP, 4
; end of __Lib_UART_123456_UART_Calc_BRG
_UART1_Write_Text:
;__Lib_UART_123456.mpas, 197 :: 		
0x9D000320	0x27BDFFF8  ADDIU	SP, SP, -8
0x9D000324	0xAFBF0000  SW	RA, 0(SP)
;__Lib_UART_123456.mpas, 198 :: 		
; counter start address is: 16 (R4)
0x9D000328	0x0000200A  MOVZ	R4, R0, R0
;__Lib_UART_123456.mpas, 199 :: 		
0x9D00032C	0x93220000  LBU	R2, 0(R25)
; data_ start address is: 12 (R3)
0x9D000330	0x304300FF  ANDI	R3, R2, 255
; counter end address is: 16 (R4)
; data_ end address is: 12 (R3)
;__Lib_UART_123456.mpas, 200 :: 		
L__UART1_Write_Text32:
; data_ start address is: 12 (R3)
; counter start address is: 16 (R4)
0x9D000334	0x306200FF  ANDI	R2, R3, 255
0x9D000338	0x1040000C  BEQ	R2, R0, L__UART1_Write_Text33
0x9D00033C	0x70000000  NOP	
L__UART1_Write_Text389:
;__Lib_UART_123456.mpas, 202 :: 		
0x9D000340	0xAFB90004  SW	R25, 4(SP)
; data_ end address is: 12 (R3)
0x9D000344	0x0F400025  JAL	_UART1_Write+0
0x9D000348	0x307900FF  ANDI	R25, R3, 255
0x9D00034C	0x8FB90004  LW	R25, 4(SP)
;__Lib_UART_123456.mpas, 203 :: 		
0x9D000350	0x24820001  ADDIU	R2, R4, 1
0x9D000354	0x304400FF  ANDI	R4, R2, 255
;__Lib_UART_123456.mpas, 204 :: 		
0x9D000358	0x304200FF  ANDI	R2, R2, 255
0x9D00035C	0x03221021  ADDU	R2, R25, R2
0x9D000360	0x90420000  LBU	R2, 0(R2)
; data_ start address is: 12 (R3)
;__Lib_UART_123456.mpas, 205 :: 		
; counter end address is: 16 (R4)
; data_ end address is: 12 (R3)
0x9D000364	0x0B4000CD  J	L__UART1_Write_Text32
0x9D000368	0x304300FF  ANDI	R3, R2, 255
L__UART1_Write_Text33:
;__Lib_UART_123456.mpas, 206 :: 		
L_end_UART1_Write_Text:
0x9D00036C	0x8FBF0000  LW	RA, 0(SP)
0x9D000370	0x03E00008  JR	RA
0x9D000374	0x27BD0008  ADDIU	SP, SP, 8
; end of _UART1_Write_Text
_UART1_Write:
;__Lib_UART_123456.mpas, 172 :: 		
0x9D000094	0x27BDFFFC  ADDIU	SP, SP, -4
;__Lib_UART_123456.mpas, 173 :: 		
L__UART1_Write23:
0x9D000098	0x3C1EBF80  LUI	R30, 49024
0x9D00009C	0x93C26011  LBU	R2, 24593(R30)
0x9D0000A0	0x7C420000  EXT	R2, R2, 0, 1
0x9D0000A4	0x1040FFFC  BEQ	R2, R0, L__UART1_Write23
0x9D0000A8	0x70000000  NOP	
L__UART1_Write383:
;__Lib_UART_123456.mpas, 175 :: 		
0x9D0000AC	0x3322FFFF  ANDI	R2, R25, 65535
0x9D0000B0	0x3C1EBF80  LUI	R30, 49024
0x9D0000B4	0xAFC26020  SW	R2, 24608(R30)
;__Lib_UART_123456.mpas, 176 :: 		
L_end_UART1_Write:
0x9D0000B8	0x03E00008  JR	RA
0x9D0000BC	0x27BD0004  ADDIU	SP, SP, 4
; end of _UART1_Write
_InitTimer1:
;djsync.mpas, 91 :: 		begin
;djsync.mpas, 92 :: 		T1CON	         := 0x8010; //0x8010
0x9D0000C0	0x34028010  ORI	R2, R0, 32784
0x9D0000C4	0x3C1EBF80  LUI	R30, 49024
0x9D0000C8	0xAFC20600  SW	R2, 1536(R30)
;djsync.mpas, 93 :: 		T1IP0_bit	 := 1;
0x9D0000CC	0x34020004  ORI	R2, R0, 0x0004
0x9D0000D0	0x3C1EBF88  LUI	R30, 49032
0x9D0000D4	0xA3C210A8  SB	R2, 4264(R30)
;djsync.mpas, 94 :: 		T1IP1_bit	 := 1;
0x9D0000D8	0x34020008  ORI	R2, R0, 0x0008
0x9D0000DC	0x3C1EBF88  LUI	R30, 49032
0x9D0000E0	0xA3C210A8  SB	R2, 4264(R30)
;djsync.mpas, 95 :: 		T1IP2_bit	 := 1;
0x9D0000E4	0x34020010  ORI	R2, R0, 0x0010
0x9D0000E8	0x3C1EBF88  LUI	R30, 49032
0x9D0000EC	0xA3C210A8  SB	R2, 4264(R30)
;djsync.mpas, 96 :: 		T1IF_bit	 := 0;
0x9D0000F0	0x34020010  ORI	R2, R0, 0x0010
0x9D0000F4	0x3C1EBF88  LUI	R30, 49032
0x9D0000F8	0xA3C21034  SB	R2, 4148(R30)
;djsync.mpas, 97 :: 		T1IE_bit	 := 1;
0x9D0000FC	0x34020010  ORI	R2, R0, 0x0010
0x9D000100	0x3C1EBF88  LUI	R30, 49032
0x9D000104	0xA3C21068  SB	R2, 4200(R30)
;djsync.mpas, 98 :: 		PR1		 := 10000;
0x9D000108	0x34022710  ORI	R2, R0, 10000
0x9D00010C	0x3C1EBF80  LUI	R30, 49024
0x9D000110	0xAFC20620  SW	R2, 1568(R30)
;djsync.mpas, 99 :: 		TMR1		 := 0;
0x9D000114	0x3C1EBF80  LUI	R30, 49024
0x9D000118	0xAFC00610  SW	R0, 1552(R30)
;djsync.mpas, 100 :: 		Time := 0;
0x9D00011C	0xA4208008  SH	R0, Offset(_Time+0)(GP)
;djsync.mpas, 101 :: 		end;
L_end_InitTimer1:
0x9D000120	0x03E00008  JR	RA
0x9D000124	0x70000000  NOP	
; end of _InitTimer1
_InitTimer2:
;djsync.mpas, 104 :: 		begin
;djsync.mpas, 105 :: 		T2CON	 := 0x8040;
0x9D0001C8	0x34028040  ORI	R2, R0, 32832
0x9D0001CC	0x3C1EBF80  LUI	R30, 49024
0x9D0001D0	0xAFC20800  SW	R2, 2048(R30)
;djsync.mpas, 106 :: 		T2IP0_bit	 := 1;
0x9D0001D4	0x34020004  ORI	R2, R0, 0x0004
0x9D0001D8	0x3C1EBF88  LUI	R30, 49032
0x9D0001DC	0xA3C210B8  SB	R2, 4280(R30)
;djsync.mpas, 107 :: 		T2IP1_bit	 := 1;
0x9D0001E0	0x34020008  ORI	R2, R0, 0x0008
0x9D0001E4	0x3C1EBF88  LUI	R30, 49032
0x9D0001E8	0xA3C210B8  SB	R2, 4280(R30)
;djsync.mpas, 108 :: 		T2IP2_bit	 := 1;
0x9D0001EC	0x34020010  ORI	R2, R0, 0x0010
0x9D0001F0	0x3C1EBF88  LUI	R30, 49032
0x9D0001F4	0xA3C210B8  SB	R2, 4280(R30)
;djsync.mpas, 109 :: 		T2IF_bit	 := 0;
0x9D0001F8	0x34020001  ORI	R2, R0, 0x0001
0x9D0001FC	0x3C1EBF88  LUI	R30, 49032
0x9D000200	0xA3C21035  SB	R2, 4149(R30)
;djsync.mpas, 110 :: 		T2IE_bit	 := 1;
0x9D000204	0x34020001  ORI	R2, R0, 0x0001
0x9D000208	0x3C1EBF88  LUI	R30, 49032
0x9D00020C	0xA3C21069  SB	R2, 4201(R30)
;djsync.mpas, 111 :: 		PR2		 := 50000;
0x9D000210	0x3402C350  ORI	R2, R0, 50000
0x9D000214	0x3C1EBF80  LUI	R30, 49024
0x9D000218	0xAFC20820  SW	R2, 2080(R30)
;djsync.mpas, 112 :: 		TMR2		 := 0
0x9D00021C	0x3C1EBF80  LUI	R30, 49024
0x9D000220	0xAFC00810  SW	R0, 2064(R30)
;djsync.mpas, 113 :: 		end;
L_end_InitTimer2:
0x9D000224	0x03E00008  JR	RA
0x9D000228	0x70000000  NOP	
; end of _InitTimer2
_srand:
;__Lib_CStdlib.mpas, 97 :: 		
0x9D0001AC	0x27BDFFFC  ADDIU	SP, SP, -4
;__Lib_CStdlib.mpas, 98 :: 		
0x9D0001B0	0x3322FFFF  ANDI	R2, R25, 65535
0x9D0001B4	0xAC228010  SW	R2, Offset(__Lib_CStdlib_randx+0)(GP)
;__Lib_CStdlib.mpas, 99 :: 		
0x9D0001B8	0x34020001  ORI	R2, R0, 1
0x9D0001BC	0xA0228005  SB	R2, Offset(__Lib_CStdlib_randf+0)(GP)
;__Lib_CStdlib.mpas, 100 :: 		
L_end_srand:
0x9D0001C0	0x03E00008  JR	RA
0x9D0001C4	0x27BD0004  ADDIU	SP, SP, 4
; end of _srand
_LEDCHAR4:
;djsync.mpas, 138 :: 		begin
0x9D0003EC	0x27BDFFF0  ADDIU	SP, SP, -16
0x9D0003F0	0xAFBF0000  SW	RA, 0(SP)
;djsync.mpas, 140 :: 		WordToStrWithZeros(in_number, outputTXT);
0x9D0003F4	0xAFBA0004  SW	R26, 4(SP)
0x9D0003F8	0x27A2000A  ADDIU	R2, SP, 10
0x9D0003FC	0xA7B90008  SH	R25, 8(SP)
0x9D000400	0x0F40004A  JAL	_WordToStrWithZeros+0
0x9D000404	0x0040D00A  MOVZ	R26, R2, R0
0x9D000408	0x97B90008  LHU	R25, 8(SP)
;djsync.mpas, 141 :: 		digit1:= outputTXT[1]-48;
0x9D00040C	0x93A2000B  LBU	R2, 11(SP)
0x9D000410	0x2442FFD0  ADDIU	R2, R2, -48
; digit1 start address is: 16 (R4)
0x9D000414	0x304400FF  ANDI	R4, R2, 255
;djsync.mpas, 142 :: 		digit2:= outputTXT[2]-48;
0x9D000418	0x93A2000C  LBU	R2, 12(SP)
0x9D00041C	0x2442FFD0  ADDIU	R2, R2, -48
; digit2 start address is: 20 (R5)
0x9D000420	0x304500FF  ANDI	R5, R2, 255
;djsync.mpas, 143 :: 		digit3:= outputTXT[3]-48;
0x9D000424	0x93A2000D  LBU	R2, 13(SP)
0x9D000428	0x2442FFD0  ADDIU	R2, R2, -48
; digit3 start address is: 24 (R6)
0x9D00042C	0x304600FF  ANDI	R6, R2, 255
;djsync.mpas, 144 :: 		digit4:= outputTXT[4]-48;
0x9D000430	0x93A2000E  LBU	R2, 14(SP)
0x9D000434	0x2442FFD0  ADDIU	R2, R2, -48
; digit4 start address is: 28 (R7)
0x9D000438	0x304700FF  ANDI	R7, R2, 255
;djsync.mpas, 146 :: 		if Segment_Counter = 0 then
0x9D00043C	0x90228004  LBU	R2, Offset(_Segment_Counter+0)(GP)
0x9D000440	0x14400011  BNE	R2, R0, L__LEDCHAR415
0x9D000444	0x70000000  NOP	
L__LEDCHAR450:
;djsync.mpas, 148 :: 		LATE := 0;
0x9D000448	0x3C1EBF88  LUI	R30, 49032
0x9D00044C	0xAFC06120  SW	R0, 24864(R30)
;djsync.mpas, 149 :: 		SEG1:=1;
0x9D000450	0x34020010  ORI	R2, R0, 0x0010
0x9D000454	0x3C1EBF88  LUI	R30, 49032
0x9D000458	0xA3C26168  SB	R2, 24936(R30)
;djsync.mpas, 150 :: 		LATE:= LED_char[digit4];
0x9D00045C	0x30E300FF  ANDI	R3, R7, 255
; digit4 end address is: 28 (R7)
0x9D000460	0x3C029D00  LUI	R2, hi_addr(_LED_char+0)
0x9D000464	0x3442094C  ORI	R2, R2, lo_addr(_LED_char+0)
0x9D000468	0x00431021  ADDU	R2, R2, R3
0x9D00046C	0x90420000  LBU	R2, 0(R2)
0x9D000470	0x304200FF  ANDI	R2, R2, 255
0x9D000474	0x3C1EBF88  LUI	R30, 49032
0x9D000478	0xAFC26120  SW	R2, 24864(R30)
;djsync.mpas, 151 :: 		SEG4:=0;
0x9D00047C	0x34020080  ORI	R2, R0, 0x0080
0x9D000480	0x3C1EBF88  LUI	R30, 49032
0x9D000484	0xA3C261A4  SB	R2, 24996(R30)
;djsync.mpas, 152 :: 		end;
L__LEDCHAR415:
;djsync.mpas, 154 :: 		if (Segment_Counter = 1) then
0x9D000488	0x90238004  LBU	R3, Offset(_Segment_Counter+0)(GP)
0x9D00048C	0x34020001  ORI	R2, R0, 1
0x9D000490	0x14620018  BNE	R3, R2, L__LEDCHAR418
0x9D000494	0x70000000  NOP	
L__LEDCHAR451:
;djsync.mpas, 156 :: 		LATE := 0;
0x9D000498	0x3C1EBF88  LUI	R30, 49032
0x9D00049C	0xAFC06120  SW	R0, 24864(R30)
;djsync.mpas, 157 :: 		SEG4:=1;
0x9D0004A0	0x34020080  ORI	R2, R0, 0x0080
0x9D0004A4	0x3C1EBF88  LUI	R30, 49032
0x9D0004A8	0xA3C261A8  SB	R2, 25000(R30)
;djsync.mpas, 158 :: 		if in_number >= 10 then LATE:= LED_char[digit3] else LATE:=0;
0x9D0004AC	0x3322FFFF  ANDI	R2, R25, 65535
0x9D0004B0	0x2C42000A  SLTIU	R2, R2, 10
0x9D0004B4	0x1440000A  BNE	R2, R0, L__LEDCHAR421
0x9D0004B8	0x70000000  NOP	
L__LEDCHAR452:
0x9D0004BC	0x30C300FF  ANDI	R3, R6, 255
; digit3 end address is: 24 (R6)
0x9D0004C0	0x3C029D00  LUI	R2, hi_addr(_LED_char+0)
0x9D0004C4	0x3442094C  ORI	R2, R2, lo_addr(_LED_char+0)
0x9D0004C8	0x00431021  ADDU	R2, R2, R3
0x9D0004CC	0x90420000  LBU	R2, 0(R2)
0x9D0004D0	0x304200FF  ANDI	R2, R2, 255
0x9D0004D4	0x3C1EBF88  LUI	R30, 49032
0x9D0004D8	0x0B40013A  J	L__LEDCHAR422
0x9D0004DC	0xAFC26120  SW	R2, 24864(R30)
L__LEDCHAR421:
0x9D0004E0	0x3C1EBF88  LUI	R30, 49032
0x9D0004E4	0xAFC06120  SW	R0, 24864(R30)
L__LEDCHAR422:
;djsync.mpas, 159 :: 		SEG3:=0;
0x9D0004E8	0x34020001  ORI	R2, R0, 0x0001
0x9D0004EC	0x3C1EBF88  LUI	R30, 49032
0x9D0004F0	0xA3C261A5  SB	R2, 24997(R30)
;djsync.mpas, 160 :: 		end;
L__LEDCHAR418:
;djsync.mpas, 162 :: 		if (Segment_Counter = 2) then
0x9D0004F4	0x90238004  LBU	R3, Offset(_Segment_Counter+0)(GP)
0x9D0004F8	0x34020002  ORI	R2, R0, 2
0x9D0004FC	0x14620018  BNE	R3, R2, L__LEDCHAR424
0x9D000500	0x70000000  NOP	
L__LEDCHAR453:
;djsync.mpas, 164 :: 		LATE := 0;
0x9D000504	0x3C1EBF88  LUI	R30, 49032
0x9D000508	0xAFC06120  SW	R0, 24864(R30)
;djsync.mpas, 165 :: 		SEG3:=1;
0x9D00050C	0x34020001  ORI	R2, R0, 0x0001
0x9D000510	0x3C1EBF88  LUI	R30, 49032
0x9D000514	0xA3C261A9  SB	R2, 25001(R30)
;djsync.mpas, 166 :: 		if in_number >= 100 then LATE:= LED_char[digit2] else LATE:=0;
0x9D000518	0x3322FFFF  ANDI	R2, R25, 65535
0x9D00051C	0x2C420064  SLTIU	R2, R2, 100
0x9D000520	0x1440000A  BNE	R2, R0, L__LEDCHAR427
0x9D000524	0x70000000  NOP	
L__LEDCHAR454:
0x9D000528	0x30A300FF  ANDI	R3, R5, 255
; digit2 end address is: 20 (R5)
0x9D00052C	0x3C029D00  LUI	R2, hi_addr(_LED_char+0)
0x9D000530	0x3442094C  ORI	R2, R2, lo_addr(_LED_char+0)
0x9D000534	0x00431021  ADDU	R2, R2, R3
0x9D000538	0x90420000  LBU	R2, 0(R2)
0x9D00053C	0x304200FF  ANDI	R2, R2, 255
0x9D000540	0x3C1EBF88  LUI	R30, 49032
0x9D000544	0x0B400155  J	L__LEDCHAR428
0x9D000548	0xAFC26120  SW	R2, 24864(R30)
L__LEDCHAR427:
0x9D00054C	0x3C1EBF88  LUI	R30, 49032
0x9D000550	0xAFC06120  SW	R0, 24864(R30)
L__LEDCHAR428:
;djsync.mpas, 168 :: 		SEG2:=0;
0x9D000554	0x34020020  ORI	R2, R0, 0x0020
0x9D000558	0x3C1EBF88  LUI	R30, 49032
0x9D00055C	0xA3C26164  SB	R2, 24932(R30)
;djsync.mpas, 169 :: 		end;
L__LEDCHAR424:
;djsync.mpas, 171 :: 		if (Segment_Counter = 3) then
0x9D000560	0x90238004  LBU	R3, Offset(_Segment_Counter+0)(GP)
0x9D000564	0x34020003  ORI	R2, R0, 3
0x9D000568	0x1462001B  BNE	R3, R2, L__LEDCHAR430
0x9D00056C	0x70000000  NOP	
L__LEDCHAR455:
;djsync.mpas, 173 :: 		LATE := 0;
0x9D000570	0x3C1EBF88  LUI	R30, 49032
0x9D000574	0xAFC06120  SW	R0, 24864(R30)
;djsync.mpas, 174 :: 		SEG2:=1;
0x9D000578	0x34020020  ORI	R2, R0, 0x0020
0x9D00057C	0x3C1EBF88  LUI	R30, 49032
0x9D000580	0xA3C26168  SB	R2, 24936(R30)
;djsync.mpas, 175 :: 		SEG1:=0;
0x9D000584	0x34020010  ORI	R2, R0, 0x0010
0x9D000588	0x3C1EBF88  LUI	R30, 49032
0x9D00058C	0xA3C26164  SB	R2, 24932(R30)
;djsync.mpas, 176 :: 		if in_number >= 1000 then LATE:= LED_char[digit1] else LATE:=0;
0x9D000590	0x3322FFFF  ANDI	R2, R25, 65535
0x9D000594	0x2C4203E8  SLTIU	R2, R2, 1000
0x9D000598	0x1440000A  BNE	R2, R0, L__LEDCHAR433
0x9D00059C	0x70000000  NOP	
L__LEDCHAR456:
0x9D0005A0	0x308300FF  ANDI	R3, R4, 255
; digit1 end address is: 16 (R4)
0x9D0005A4	0x3C029D00  LUI	R2, hi_addr(_LED_char+0)
0x9D0005A8	0x3442094C  ORI	R2, R2, lo_addr(_LED_char+0)
0x9D0005AC	0x00431021  ADDU	R2, R2, R3
0x9D0005B0	0x90420000  LBU	R2, 0(R2)
0x9D0005B4	0x304200FF  ANDI	R2, R2, 255
0x9D0005B8	0x3C1EBF88  LUI	R30, 49032
0x9D0005BC	0x0B400173  J	L__LEDCHAR434
0x9D0005C0	0xAFC26120  SW	R2, 24864(R30)
L__LEDCHAR433:
0x9D0005C4	0x3C1EBF88  LUI	R30, 49032
0x9D0005C8	0xAFC06120  SW	R0, 24864(R30)
L__LEDCHAR434:
;djsync.mpas, 177 :: 		SEG1:=0;
0x9D0005CC	0x34020010  ORI	R2, R0, 0x0010
0x9D0005D0	0x3C1EBF88  LUI	R30, 49032
0x9D0005D4	0xA3C26164  SB	R2, 24932(R30)
;djsync.mpas, 178 :: 		end;
L__LEDCHAR430:
;djsync.mpas, 179 :: 		end;
L_end_LEDCHAR4:
0x9D0005D8	0x8FBA0004  LW	R26, 4(SP)
0x9D0005DC	0x8FBF0000  LW	RA, 0(SP)
0x9D0005E0	0x03E00008  JR	RA
0x9D0005E4	0x27BD0010  ADDIU	SP, SP, 16
; end of _LEDCHAR4
_WordToStrWithZeros:
;__Lib_Conversions.mpas, 183 :: 		
0x9D000128	0x27BDFFFC  ADDIU	SP, SP, -4
;__Lib_Conversions.mpas, 184 :: 		
0x9D00012C	0x0340180A  MOVZ	R3, R26, R0
0x9D000130	0x34020030  ORI	R2, R0, 48
0x9D000134	0xA0620000  SB	R2, 0(R3)
0x9D000138	0x34020030  ORI	R2, R0, 48
0x9D00013C	0xA0620001  SB	R2, 1(R3)
0x9D000140	0x34020030  ORI	R2, R0, 48
0x9D000144	0xA0620002  SB	R2, 2(R3)
0x9D000148	0x34020030  ORI	R2, R0, 48
0x9D00014C	0xA0620003  SB	R2, 3(R3)
0x9D000150	0x34020030  ORI	R2, R0, 48
0x9D000154	0xA0620004  SB	R2, 4(R3)
0x9D000158	0xA0600005  SB	R0, 5(R3)
;__Lib_Conversions.mpas, 185 :: 		
0x9D00015C	0x27420004  ADDIU	R2, R26, 4
; ptr start address is: 16 (R4)
0x9D000160	0x0040200A  MOVZ	R4, R2, R0
; ptr end address is: 16 (R4)
;__Lib_Conversions.mpas, 186 :: 		
L__WordToStrWithZeros28:
; ptr start address is: 16 (R4)
0x9D000164	0x3322FFFF  ANDI	R2, R25, 65535
0x9D000168	0x1040000E  BEQ	R2, R0, L__WordToStrWithZeros29
0x9D00016C	0x70000000  NOP	
L__WordToStrWithZeros382:
;__Lib_Conversions.mpas, 188 :: 		
0x9D000170	0x3402000A  ORI	R2, R0, 10
0x9D000174	0x0322001B  DIVU	R25, R2
0x9D000178	0x00001010  MFHI	R2
0x9D00017C	0x24420030  ADDIU	R2, R2, 48
0x9D000180	0xA0820000  SB	R2, 0(R4)
;__Lib_Conversions.mpas, 189 :: 		
0x9D000184	0x3323FFFF  ANDI	R3, R25, 65535
0x9D000188	0x3402000A  ORI	R2, R0, 10
0x9D00018C	0x0062001B  DIVU	R3, R2
0x9D000190	0x00001012  MFLO	R2
0x9D000194	0x3059FFFF  ANDI	R25, R2, 65535
;__Lib_Conversions.mpas, 190 :: 		
0x9D000198	0x2482FFFF  ADDIU	R2, R4, -1
;__Lib_Conversions.mpas, 191 :: 		
; ptr end address is: 16 (R4)
0x9D00019C	0x0B400059  J	L__WordToStrWithZeros28
0x9D0001A0	0x0040200A  MOVZ	R4, R2, R0
L__WordToStrWithZeros29:
;__Lib_Conversions.mpas, 192 :: 		
L_end_WordToStrWithZeros:
0x9D0001A4	0x03E00008  JR	RA
0x9D0001A8	0x27BD0004  ADDIU	SP, SP, 4
; end of _WordToStrWithZeros
___CC2DW:
;__Lib_System.mpas, 29 :: 		
0x9D0003CC	0x27BDFFFC  ADDIU	SP, SP, -4
;__Lib_System.mpas, 31 :: 		
L_loopDW:
;__Lib_System.mpas, 32 :: 		
0x9D0003D0	0x831E0000  LB	R30, 0(R24)
;__Lib_System.mpas, 33 :: 		
0x9D0003D4	0xA2FE0000  SB	R30, 0(R23)
;__Lib_System.mpas, 34 :: 		
0x9D0003D8	0x26F70001  ADDIU	R23, R23, 1
;__Lib_System.mpas, 35 :: 		
0x9D0003DC	0x16F6FFFC  BNE	R23, R22, L_loopDW
;__Lib_System.mpas, 36 :: 		
0x9D0003E0	0x27180001  ADDIU	R24, R24, 1
;__Lib_System.mpas, 38 :: 		
L_end___CC2DW:
0x9D0003E4	0x03E00008  JR	RA
0x9D0003E8	0x27BD0004  ADDIU	SP, SP, 4
; end of ___CC2DW
___BootStartUp:
;__Lib_System.mpas, 98 :: 		
0xBFC00000	0x27BDFFFC  ADDIU	SP, SP, -4
;__Lib_System.mpas, 102 :: 		
0xBFC00004	0x70000000  NOP	
;__Lib_System.mpas, 103 :: 		
0xBFC00008	0x70000000  NOP	
;__Lib_System.mpas, 104 :: 		
0xBFC0000C	0x70000000  NOP	
;__Lib_System.mpas, 105 :: 		
0xBFC00010	0x70000000  NOP	
;__Lib_System.mpas, 106 :: 		
0xBFC00014	0x70000000  NOP	
;__Lib_System.mpas, 107 :: 		
0xBFC00018	0x70000000  NOP	
;__Lib_System.mpas, 108 :: 		
0xBFC0001C	0x70000000  NOP	
;__Lib_System.mpas, 109 :: 		
0xBFC00020	0x70000000  NOP	
;__Lib_System.mpas, 110 :: 		
0xBFC00024	0x70000000  NOP	
;__Lib_System.mpas, 111 :: 		
0xBFC00028	0x70000000  NOP	
;__Lib_System.mpas, 112 :: 		
0xBFC0002C	0x70000000  NOP	
;__Lib_System.mpas, 113 :: 		
0xBFC00030	0x70000000  NOP	
;__Lib_System.mpas, 114 :: 		
0xBFC00034	0x70000000  NOP	
;__Lib_System.mpas, 115 :: 		
0xBFC00038	0x70000000  NOP	
;__Lib_System.mpas, 116 :: 		
0xBFC0003C	0x70000000  NOP	
;__Lib_System.mpas, 117 :: 		
0xBFC00040	0x70000000  NOP	
;__Lib_System.mpas, 118 :: 		
0xBFC00044	0x70000000  NOP	
;__Lib_System.mpas, 119 :: 		
0xBFC00048	0x70000000  NOP	
;__Lib_System.mpas, 120 :: 		
0xBFC0004C	0x70000000  NOP	
;__Lib_System.mpas, 121 :: 		
0xBFC00050	0x70000000  NOP	
;__Lib_System.mpas, 125 :: 		
0xBFC00054	0x3C1DA000  LUI	SP, 40960
0xBFC00058	0x37BD3FFC  ORI	SP, SP, 16380
;__Lib_System.mpas, 126 :: 		
0xBFC0005C	0x3C01A000  LUI	GP, 40960
0xBFC00060	0x34218000  ORI	GP, GP, 32768
;__Lib_System.mpas, 130 :: 		
0xBFC00064	0x401E6002  MFC0	R30, 12, 2
;__Lib_System.mpas, 131 :: 		
0xBFC00068	0x03C0E00A  MOVZ	R28, R30, R0
;__Lib_System.mpas, 132 :: 		
0xBFC0006C	0x7FDB1E80  EXT	R27, R30, 26, 4
;__Lib_System.mpas, 133 :: 		
0xBFC00070	0x7F7E4984  INS	R30, R27, 6, 4
;__Lib_System.mpas, 134 :: 		
0xBFC00074	0x409E6002  MTC0	R30, 12, 2
;__Lib_System.mpas, 135 :: 		
0xBFC00078	0x41C10800  WRPGPR	GP, GP
;__Lib_System.mpas, 136 :: 		
0xBFC0007C	0x409C6002  MTC0	R28, 12, 2
;__Lib_System.mpas, 142 :: 		
0xBFC00080	0x3C02A421  LUI	R2, 42017
0xBFC00084	0x34420583  ORI	R2, R2, 1411
0xBFC00088	0x0040F00A  MOVZ	R30, R2, R0
0xBFC0008C	0x409E8000  MTC0	R30, 16, 0
;__Lib_System.mpas, 145 :: 		
0xBFC00090	0x0000100A  MOVZ	R2, R0, R0
0xBFC00094	0x0040F00A  MOVZ	R30, R2, R0
0xBFC00098	0x409E4800  MTC0	R30, 9, 0
;__Lib_System.mpas, 148 :: 		
0xBFC0009C	0x3C02FFFF  LUI	R2, 65535
0xBFC000A0	0x3442FFFF  ORI	R2, R2, 65535
0xBFC000A4	0x0040F00A  MOVZ	R30, R2, R0
0xBFC000A8	0x409E5800  MTC0	R30, 11, 0
;__Lib_System.mpas, 150 :: 		
0xBFC000AC	0x3C029FC0  LUI	R2, 40896
0xBFC000B0	0x34421000  ORI	R2, R2, 4096
0xBFC000B4	0x0040F00A  MOVZ	R30, R2, R0
0xBFC000B8	0x409E7801  MTC0	R30, 15, 1
;__Lib_System.mpas, 152 :: 		
0xBFC000BC	0x34020020  ORI	R2, R0, 32
0xBFC000C0	0x0040F00A  MOVZ	R30, R2, R0
0xBFC000C4	0x409E6001  MTC0	R30, 12, 1
;__Lib_System.mpas, 154 :: 		
0xBFC000C8	0x3C020400  LUI	R2, 1024
0xBFC000CC	0x0040F00A  MOVZ	R30, R2, R0
0xBFC000D0	0x409E6002  MTC0	R30, 12, 2
;__Lib_System.mpas, 155 :: 		
0xBFC000D4	0x0000100A  MOVZ	R2, R0, R0
0xBFC000D8	0x0040F00A  MOVZ	R30, R2, R0
0xBFC000DC	0x409E6003  MTC0	R30, 12, 3
;__Lib_System.mpas, 160 :: 		
0xBFC000E0	0x3C020010  LUI	R2, 16
0xBFC000E4	0x0040F00A  MOVZ	R30, R2, R0
0xBFC000E8	0x409E6000  MTC0	R30, 12, 0
;__Lib_System.mpas, 163 :: 		
0xBFC000EC	0x34020032  ORI	R2, R0, 50
0xBFC000F0	0x3C1EBF88  LUI	R30, 49032
0xBFC000F4	0xAFC24000  SW	R2, 16384(R30)
;__Lib_System.mpas, 168 :: 		
0xBFC000F8	0x34021000  ORI	R2, R0, 4096
0xBFC000FC	0x3C1EBF88  LUI	R30, 49032
0xBFC00100	0xAFC21000  SW	R2, 4096(R30)
;__Lib_System.mpas, 174 :: 		
0xBFC00104	0x3C020080  LUI	R2, 128
0xBFC00108	0x0040F00A  MOVZ	R30, R2, R0
0xBFC0010C	0x409E6800  MTC0	R30, 13, 0
;__Lib_System.mpas, 180 :: 		
0xBFC00110	0x3C1E9D00  LUI	R30, hi_addr(_main+0)
;__Lib_System.mpas, 181 :: 		
0xBFC00114	0x37DE08F4  ORI	R30, R30, lo_addr(_main+0)
;__Lib_System.mpas, 183 :: 		
0xBFC00118	0x03C00008  JR	R30
;__Lib_System.mpas, 184 :: 		
0xBFC0011C	0x70000000  NOP	
;__Lib_System.mpas, 186 :: 		
L_end___BootStartUp:
0xBFC00120	0x03E00008  JR	RA
0xBFC00124	0x27BD0004  ADDIU	SP, SP, 4
; end of ___BootStartUp
___BootGenExcept:
;__Lib_System.mpas, 86 :: 		
0x9D00091C	0x27BDFFFC  ADDIU	SP, SP, -4
;__Lib_System.mpas, 87 :: 		
L____BootGenExcept14:
0x9D000920	0x0B400248  J	L____BootGenExcept14
0x9D000924	0x70000000  NOP	
;__Lib_System.mpas, 89 :: 		
L_end___BootGenExcept:
0x9D000928	0x27BD0004  ADDIU	SP, SP, 4
0x9D00092C	0x42000018  ERET	
0x9D000930	0x70000000  NOP	
; end of ___BootGenExcept
___GenExcept:
;__Lib_System.mpas, 92 :: 		
0x9D000934	0x27BDFFFC  ADDIU	SP, SP, -4
;__Lib_System.mpas, 93 :: 		
L____GenExcept20:
0x9D000938	0x0B40024E  J	L____GenExcept20
0x9D00093C	0x70000000  NOP	
;__Lib_System.mpas, 95 :: 		
L_end___GenExcept:
0x9D000940	0x27BD0004  ADDIU	SP, SP, 4
0x9D000944	0x42000018  ERET	
0x9D000948	0x70000000  NOP	
; end of ___GenExcept
0x9D000958	0x03E0C80A  MOVZ	R25, RA, R0
0x9D00095C	0x3C17A000  LUI	R23, 40960
0x9D000960	0x36F70000  ORI	R23, R23, 0
0x9D000964	0x3C16A000  LUI	R22, 40960
0x9D000968	0x36D6001C  ORI	R22, R22, 28
0x9D00096C	0x0F4001DC  JAL	___FillZeros
0x9D000970	0x70000000  NOP	
0x9D000974	0x0320F80A  MOVZ	RA, R25, R0
0x9D000978	0x03E00008  JR	RA
0x9D00097C	0x70000000  NOP	
_Timer2Interrupt:
;djsync.mpas, 84 :: 		begin
0x9D000790	0x415DE800  RDPGPR	SP, SP
0x9D000794	0x27BDFFF8  ADDIU	SP, SP, -8
0x9D000798	0x401E7000  MFC0	R30, 14, 0
0x9D00079C	0xAFBE0004  SW	R30, 4(SP)
0x9D0007A0	0x401E6000  MFC0	R30, 12, 0
0x9D0007A4	0xAFBE0000  SW	R30, 0(SP)
0x9D0007A8	0x7C1E7844  INS	R30, R0, 1, 15
0x9D0007AC	0x341E1C00  ORI	R30, R0, 7168
0x9D0007B0	0x409E6000  MTC0	R30, 12, 0
;djsync.mpas, 85 :: 		T2IF_bit	 := 0;
0x9D0007B4	0x34020001  ORI	R2, R0, 0x0001
0x9D0007B8	0x3C1EBF88  LUI	R30, 49032
0x9D0007BC	0xA3C21035  SB	R2, 4149(R30)
;djsync.mpas, 87 :: 		end;
L_end_Timer2Interrupt:
0x9D0007C0	0x8FBE0004  LW	R30, 4(SP)
0x9D0007C4	0x409E7000  MTC0	R30, 14, 0
0x9D0007C8	0x8FBE0000  LW	R30, 0(SP)
0x9D0007CC	0x409E6000  MTC0	R30, 12, 0
0x9D0007D0	0x27BD0008  ADDIU	SP, SP, 8
0x9D0007D4	0x41DDE800  WRPGPR	SP, SP
0x9D0007D8	0x42000018  ERET	
; end of _Timer2Interrupt
_Timer1Interrupt:
;djsync.mpas, 70 :: 		begin
0x9D0007DC	0x415DE800  RDPGPR	SP, SP
0x9D0007E0	0x27BDFFF0  ADDIU	SP, SP, -16
0x9D0007E4	0x401E7000  MFC0	R30, 14, 0
0x9D0007E8	0xAFBE0004  SW	R30, 4(SP)
0x9D0007EC	0x401E6000  MFC0	R30, 12, 0
0x9D0007F0	0xAFBE0000  SW	R30, 0(SP)
0x9D0007F4	0x7C1E7844  INS	R30, R0, 1, 15
0x9D0007F8	0x341E1C00  ORI	R30, R0, 7168
0x9D0007FC	0x409E6000  MTC0	R30, 12, 0
0x9D000800	0x0000F012  MFLO	R30
0x9D000804	0xAFBE0008  SW	R30, 8(SP)
0x9D000808	0x0000F010  MFHI	R30
0x9D00080C	0xAFBE000C  SW	R30, 12(SP)
0x9D000810	0x27BDFFFC  ADDIU	SP, SP, -4
0x9D000814	0xAFBF0000  SW	RA, 0(SP)
;djsync.mpas, 71 :: 		T1IF_bit	 := 0;
0x9D000818	0x34020010  ORI	R2, R0, 0x0010
0x9D00081C	0x3C1EBF88  LUI	R30, 49032
0x9D000820	0xA3C21034  SB	R2, 4148(R30)
;djsync.mpas, 73 :: 		if Timer1_Counter = 1000 then Timer1_Counter := 0 else inc(Timer1_Counter);
0x9D000824	0x9423800A  LHU	R3, Offset(_Timer1_Counter+0)(GP)
0x9D000828	0x340203E8  ORI	R2, R0, 1000
0x9D00082C	0x14620003  BNE	R3, R2, L__Timer1Interrupt2
0x9D000830	0x70000000  NOP	
L__Timer1Interrupt43:
0x9D000834	0x0B400212  J	L__Timer1Interrupt3
0x9D000838	0xA420800A  SH	R0, Offset(_Timer1_Counter+0)(GP)
L__Timer1Interrupt2:
0x9D00083C	0x9422800A  LHU	R2, Offset(_Timer1_Counter+0)(GP)
0x9D000840	0x24420001  ADDIU	R2, R2, 1
0x9D000844	0xA422800A  SH	R2, Offset(_Timer1_Counter+0)(GP)
L__Timer1Interrupt3:
;djsync.mpas, 74 :: 		if Timer1_Counter mod 1000 = 0 then
0x9D000848	0x9423800A  LHU	R3, Offset(_Timer1_Counter+0)(GP)
0x9D00084C	0x340203E8  ORI	R2, R0, 1000
0x9D000850	0x0062001B  DIVU	R3, R2
0x9D000854	0x00001010  MFHI	R2
0x9D000858	0x3042FFFF  ANDI	R2, R2, 65535
0x9D00085C	0x14400006  BNE	R2, R0, L__Timer1Interrupt5
0x9D000860	0x70000000  NOP	
L__Timer1Interrupt44:
;djsync.mpas, 77 :: 		Time := 32676 - rand;
0x9D000864	0x0F4000DE  JAL	_rand+0
0x9D000868	0x70000000  NOP	
0x9D00086C	0x34037FA4  ORI	R3, R0, 32676
0x9D000870	0x00621023  SUBU	R2, R3, R2
0x9D000874	0xA4228008  SH	R2, Offset(_Time+0)(GP)
;djsync.mpas, 78 :: 		end;
L__Timer1Interrupt5:
;djsync.mpas, 79 :: 		Temp := not Temp; // debug output for interrupt calling test, 1kHz output
0x9D000878	0x3C1EBF88  LUI	R30, 49032
0x9D00087C	0x83C261A0  LB	R2, 24992(R30)
0x9D000880	0x7C420180  EXT	R2, R2, 6, 1
0x9D000884	0x38430001  XORI	R3, R2, 1
0x9D000888	0x3C1EBF88  LUI	R30, 49032
0x9D00088C	0x83C261A0  LB	R2, 24992(R30)
0x9D000890	0x7C623184  INS	R2, R3, 6, 1
0x9D000894	0x3C1EBF88  LUI	R30, 49032
0x9D000898	0xA3C261A0  SB	R2, 24992(R30)
;djsync.mpas, 80 :: 		if Segment_Counter = 3 then Segment_Counter := 0 else inc(Segment_Counter);
0x9D00089C	0x90238004  LBU	R3, Offset(_Segment_Counter+0)(GP)
0x9D0008A0	0x34020003  ORI	R2, R0, 3
0x9D0008A4	0x14620003  BNE	R3, R2, L__Timer1Interrupt8
0x9D0008A8	0x70000000  NOP	
L__Timer1Interrupt45:
0x9D0008AC	0x0B400230  J	L__Timer1Interrupt9
0x9D0008B0	0xA0208004  SB	R0, Offset(_Segment_Counter+0)(GP)
L__Timer1Interrupt8:
0x9D0008B4	0x90228004  LBU	R2, Offset(_Segment_Counter+0)(GP)
0x9D0008B8	0x24420001  ADDIU	R2, R2, 1
0x9D0008BC	0xA0228004  SB	R2, Offset(_Segment_Counter+0)(GP)
L__Timer1Interrupt9:
;djsync.mpas, 81 :: 		end;
L_end_Timer1Interrupt:
0x9D0008C0	0x8FBF0000  LW	RA, 0(SP)
0x9D0008C4	0x27BD0004  ADDIU	SP, SP, 4
0x9D0008C8	0x8FBE0004  LW	R30, 4(SP)
0x9D0008CC	0x409E7000  MTC0	R30, 14, 0
0x9D0008D0	0x8FBE0000  LW	R30, 0(SP)
0x9D0008D4	0x409E6000  MTC0	R30, 12, 0
0x9D0008D8	0x8FBE000C  LW	R30, 12(SP)
0x9D0008DC	0x03C00011  MTHI	R30
0x9D0008E0	0x8FBE0008  LW	R30, 8(SP)
0x9D0008E4	0x03C00013  MTLO	R30
0x9D0008E8	0x27BD0010  ADDIU	SP, SP, 16
0x9D0008EC	0x41DDE800  WRPGPR	SP, SP
0x9D0008F0	0x42000018  ERET	
; end of _Timer1Interrupt
_rand:
;__Lib_CStdlib.mpas, 104 :: 		
0x9D000378	0x27BDFFF8  ADDIU	SP, SP, -8
0x9D00037C	0xAFBF0000  SW	RA, 0(SP)
;__Lib_CStdlib.mpas, 105 :: 		
0x9D000380	0xAFB90004  SW	R25, 4(SP)
0x9D000384	0x90228005  LBU	R2, Offset(__Lib_CStdlib_randf+0)(GP)
0x9D000388	0x14400003  BNE	R2, R0, L__rand19
0x9D00038C	0x70000000  NOP	
L__rand31:
;__Lib_CStdlib.mpas, 106 :: 		
0x9D000390	0x0F40006B  JAL	_srand+0
0x9D000394	0x34190001  ORI	R25, R0, 1
L__rand19:
;__Lib_CStdlib.mpas, 107 :: 		
0x9D000398	0x8C238010  LW	R3, Offset(__Lib_CStdlib_randx+0)(GP)
0x9D00039C	0x3C0241C6  LUI	R2, 16838
0x9D0003A0	0x34424E6D  ORI	R2, R2, 20077
0x9D0003A4	0x70621002  MUL	R2, R3, R2
0x9D0003A8	0x24423039  ADDIU	R2, R2, 12345
0x9D0003AC	0x00021403  SRA	R2, R2, 16
0x9D0003B0	0x30427FFF  ANDI	R2, R2, 32767
0x9D0003B4	0xAC228010  SW	R2, Offset(__Lib_CStdlib_randx+0)(GP)
;__Lib_CStdlib.mpas, 108 :: 		
; Result start address is: 8 (R2)
0x9D0003B8	0x84228010  LH	R2, Offset(__Lib_CStdlib_randx+0)(GP)
;__Lib_CStdlib.mpas, 110 :: 		
L_end__rand:
; Result end address is: 8 (R2)
L_end_rand:
0x9D0003BC	0x8FB90004  LW	R25, 4(SP)
0x9D0003C0	0x8FBF0000  LW	RA, 0(SP)
0x9D0003C4	0x03E00008  JR	RA
0x9D0003C8	0x27BD0008  ADDIU	SP, SP, 8
; end of _rand
;djsync.mpas,14 :: _LED_char [11]
0x9D00094C	0x4F5B063F ;_LED_char+0
0x9D000950	0x077D6D66 ;_LED_char+4
0x9D000954	0x806F7F ;_LED_char+8
; end of _LED_char
Symbol List:
//** Routines locations **
//ADDRESS    SIZE    PROCEDURE
//----------------------------------------------
0x9D000000      [16]    _Get_Fosc_kHz
0x9D000010     [132]    __Lib_UART_123456_UART_Calc_BRG
0x9D000094      [44]    _UART1_Write
0x9D0000C0     [104]    _InitTimer1
0x9D000128     [132]    _WordToStrWithZeros
0x9D0001AC      [28]    _srand
0x9D0001C8     [100]    _InitTimer2
0x9D00022C     [244]    _UART1_Init
0x9D000320      [88]    _UART1_Write_Text
0x9D000378      [84]    _rand
0x9D0003CC      [32]    ___CC2DW
0x9D0003EC     [508]    _LEDCHAR4
0x9D0005E8     [392]    _Init
0x9D000770      [32]    ___FillZeros
0x9D000790      [76]    _Timer2Interrupt
0x9D0007DC     [280]    _Timer1Interrupt
0x9D0008F4      [40]    _main
0x9D00091C      [24]    ___BootGenExcept
0x9D000934      [24]    ___GenExcept
0xBFC00000     [296]    ___BootStartUp
//** Variables locations ** 
//ADDRESS    SIZE    VARIABLE
//----------------------------------------------
0xA0000000       [4]    _UART_TX_Idle_Ptr
0xA0000004       [1]    _Segment_Counter
0xA0000005       [1]    __Lib_CStdlib_randf
0xA0000006       [2]    _dummy
0xA0000008       [2]    _Time
0xA000000A       [2]    _Timer1_Counter
0xA000000C       [4]    _UART_Rdy_Ptr
0xA0000010       [4]    __Lib_CStdlib_randx
0xA0000014       [4]    _UART_Rd_Ptr
0xA0000018       [4]    _UART_Wr_Ptr
//** Constants locations ** 
//ADDRESS    SIZE    CONSTANT
//----------------------------------------------
0x9D00094C      [11]    _LED_char
