;  LST file generated by mikroListExporter - v.2.0 
; Date/Time: 2021. 01. 23. 12:15:46
;----------------------------------------------

;Address Opcode 	ASM
____SysVT:
0x9FC01180	0x0B400019  J	___GenExcept
0x9FC01184	0x70000000  NOP	
; end of ____SysVT
____BootVT:
0xBFC00380	0x3C1E9D00  LUI	R30, 40192
0xBFC00384	0x37DE007C  ORI	R30, R30, 124
0xBFC00388	0x03C00008  JR	R30
0xBFC0038C	0x70000000  NOP	
; end of ____BootVT
_main:
;template_main.mpas, 16 :: 		begin                          // Main loop
0x9D000094	0x0F40003D  JAL	2634023156
0x9D000098	0x70000000  NOP	
;template_main.mpas, 17 :: 		Init;                        // Call Init procedure
0x9D00009C	0x0F400000  JAL	_Init+0
0x9D0000A0	0x70000000  NOP	
;template_main.mpas, 18 :: 		while true do
L__main3:
;template_main.mpas, 20 :: 		DATA_LED := not DATA_LED;
0x9D0000A4	0x3C1EBF88  LUI	R30, 49032
0x9D0000A8	0x83C260E0  LB	R2, 24800(R30)
0x9D0000AC	0x7C420180  EXT	R2, R2, 6, 1
0x9D0000B0	0x38430001  XORI	R3, R2, 1
0x9D0000B4	0x3C1EBF88  LUI	R30, 49032
0x9D0000B8	0x83C260E0  LB	R2, 24800(R30)
0x9D0000BC	0x7C623184  INS	R2, R3, 6, 1
0x9D0000C0	0x3C1EBF88  LUI	R30, 49032
0x9D0000C4	0xA3C260E0  SB	R2, 24800(R30)
;template_main.mpas, 21 :: 		delay_ms(500);
0x9D0000C8	0x3C1800CB  LUI	R24, 203
0x9D0000CC	0x37187354  ORI	R24, R24, 29524
L__main7:
0x9D0000D0	0x2718FFFF  ADDIU	R24, R24, -1
0x9D0000D4	0x1700FFFE  BNE	R24, R0, L__main7
0x9D0000D8	0x70000000  NOP	
0x9D0000DC	0x70000000  NOP	
0x9D0000E0	0x70000000  NOP	
;template_main.mpas, 22 :: 		end;
0x9D0000E4	0x0B400029  J	L__main3
0x9D0000E8	0x70000000  NOP	
;template_main.mpas, 23 :: 		end.
L_end_main:
L__main_end_loop:
0x9D0000EC	0x0B40003B  J	L__main_end_loop
0x9D0000F0	0x70000000  NOP	
; end of _main
___FillZeros:
;__Lib_System.mpas, 194 :: 		
0x9D000044	0x27BDFFFC  ADDIU	SP, SP, -4
;__Lib_System.mpas, 196 :: 		
L___FillZeros0:
;__Lib_System.mpas, 197 :: 		
0x9D000048	0x12F60004  BEQ	R23, R22, L___FillZeros1
;__Lib_System.mpas, 198 :: 		
0x9D00004C	0x70000000  NOP	
;__Lib_System.mpas, 199 :: 		
L____FillZeros4:
;__Lib_System.mpas, 200 :: 		
0x9D000050	0xAEE00000  SW	R0, 0(R23)
;__Lib_System.mpas, 201 :: 		
0x9D000054	0x0B400012  J	L___FillZeros0
;__Lib_System.mpas, 202 :: 		
0x9D000058	0x26F70004  ADDIU	R23, R23, 4
;__Lib_System.mpas, 203 :: 		
L___FillZeros1:
;__Lib_System.mpas, 205 :: 		
L_end___FillZeros:
0x9D00005C	0x03E00008  JR	RA
0x9D000060	0x27BD0004  ADDIU	SP, SP, 4
; end of ___FillZeros
_Init:
;template_main.mpas, 10 :: 		begin
;template_main.mpas, 11 :: 		AD1PCFG := 0xFFFF;        // All pins are digital
0x9D000000	0x3402FFFF  ORI	R2, R0, 65535
0x9D000004	0x3C1EBF81  LUI	R30, 49025
0x9D000008	0xAFC29060  SW	R2, -28576(R30)
;template_main.mpas, 12 :: 		TRISD:=0;                 // PORTD to be outputs
0x9D00000C	0x3C1EBF88  LUI	R30, 49032
0x9D000010	0xAFC060C0  SW	R0, 24768(R30)
;template_main.mpas, 13 :: 		LATD:=0;                  // PORTD turn to off
0x9D000014	0x3C1EBF88  LUI	R30, 49032
0x9D000018	0xAFC060E0  SW	R0, 24800(R30)
;template_main.mpas, 14 :: 		end;
L_end_Init:
0x9D00001C	0x03E00008  JR	RA
0x9D000020	0x70000000  NOP	
; end of _Init
___CC2DW:
;__Lib_System.mpas, 29 :: 		
0x9D000024	0x27BDFFFC  ADDIU	SP, SP, -4
;__Lib_System.mpas, 31 :: 		
L_loopDW:
;__Lib_System.mpas, 32 :: 		
0x9D000028	0x831E0000  LB	R30, 0(R24)
;__Lib_System.mpas, 33 :: 		
0x9D00002C	0xA2FE0000  SB	R30, 0(R23)
;__Lib_System.mpas, 34 :: 		
0x9D000030	0x26F70001  ADDIU	R23, R23, 1
;__Lib_System.mpas, 35 :: 		
0x9D000034	0x16F6FFFC  BNE	R23, R22, L_loopDW
;__Lib_System.mpas, 36 :: 		
0x9D000038	0x27180001  ADDIU	R24, R24, 1
;__Lib_System.mpas, 38 :: 		
L_end___CC2DW:
0x9D00003C	0x03E00008  JR	RA
0x9D000040	0x27BD0004  ADDIU	SP, SP, 4
; end of ___CC2DW
___BootStartUp:
;__Lib_System.mpas, 98 :: 		
0xBFC00000	0x27BDFFFC  ADDIU	SP, SP, -4
;__Lib_System.mpas, 102 :: 		
0xBFC00004	0x70000000  NOP	
;__Lib_System.mpas, 103 :: 		
0xBFC00008	0x70000000  NOP	
;__Lib_System.mpas, 104 :: 		
0xBFC0000C	0x70000000  NOP	
;__Lib_System.mpas, 105 :: 		
0xBFC00010	0x70000000  NOP	
;__Lib_System.mpas, 106 :: 		
0xBFC00014	0x70000000  NOP	
;__Lib_System.mpas, 107 :: 		
0xBFC00018	0x70000000  NOP	
;__Lib_System.mpas, 108 :: 		
0xBFC0001C	0x70000000  NOP	
;__Lib_System.mpas, 109 :: 		
0xBFC00020	0x70000000  NOP	
;__Lib_System.mpas, 110 :: 		
0xBFC00024	0x70000000  NOP	
;__Lib_System.mpas, 111 :: 		
0xBFC00028	0x70000000  NOP	
;__Lib_System.mpas, 112 :: 		
0xBFC0002C	0x70000000  NOP	
;__Lib_System.mpas, 113 :: 		
0xBFC00030	0x70000000  NOP	
;__Lib_System.mpas, 114 :: 		
0xBFC00034	0x70000000  NOP	
;__Lib_System.mpas, 115 :: 		
0xBFC00038	0x70000000  NOP	
;__Lib_System.mpas, 116 :: 		
0xBFC0003C	0x70000000  NOP	
;__Lib_System.mpas, 117 :: 		
0xBFC00040	0x70000000  NOP	
;__Lib_System.mpas, 118 :: 		
0xBFC00044	0x70000000  NOP	
;__Lib_System.mpas, 119 :: 		
0xBFC00048	0x70000000  NOP	
;__Lib_System.mpas, 120 :: 		
0xBFC0004C	0x70000000  NOP	
;__Lib_System.mpas, 121 :: 		
0xBFC00050	0x70000000  NOP	
;__Lib_System.mpas, 125 :: 		
0xBFC00054	0x3C1DA000  LUI	SP, 40960
0xBFC00058	0x37BD3FFC  ORI	SP, SP, 16380
;__Lib_System.mpas, 126 :: 		
0xBFC0005C	0x3C01A000  LUI	GP, 40960
0xBFC00060	0x34218000  ORI	GP, GP, 32768
;__Lib_System.mpas, 130 :: 		
0xBFC00064	0x401E6002  MFC0	R30, 12, 2
;__Lib_System.mpas, 131 :: 		
0xBFC00068	0x03C0E00A  MOVZ	R28, R30, R0
;__Lib_System.mpas, 132 :: 		
0xBFC0006C	0x7FDB1E80  EXT	R27, R30, 26, 4
;__Lib_System.mpas, 133 :: 		
0xBFC00070	0x7F7E4984  INS	R30, R27, 6, 4
;__Lib_System.mpas, 134 :: 		
0xBFC00074	0x409E6002  MTC0	R30, 12, 2
;__Lib_System.mpas, 135 :: 		
0xBFC00078	0x41C10800  WRPGPR	GP, GP
;__Lib_System.mpas, 136 :: 		
0xBFC0007C	0x409C6002  MTC0	R28, 12, 2
;__Lib_System.mpas, 142 :: 		
0xBFC00080	0x3C02A421  LUI	R2, 42017
0xBFC00084	0x34420583  ORI	R2, R2, 1411
0xBFC00088	0x0040F00A  MOVZ	R30, R2, R0
0xBFC0008C	0x409E8000  MTC0	R30, 16, 0
;__Lib_System.mpas, 145 :: 		
0xBFC00090	0x0000100A  MOVZ	R2, R0, R0
0xBFC00094	0x0040F00A  MOVZ	R30, R2, R0
0xBFC00098	0x409E4800  MTC0	R30, 9, 0
;__Lib_System.mpas, 148 :: 		
0xBFC0009C	0x3C02FFFF  LUI	R2, 65535
0xBFC000A0	0x3442FFFF  ORI	R2, R2, 65535
0xBFC000A4	0x0040F00A  MOVZ	R30, R2, R0
0xBFC000A8	0x409E5800  MTC0	R30, 11, 0
;__Lib_System.mpas, 150 :: 		
0xBFC000AC	0x3C029FC0  LUI	R2, 40896
0xBFC000B0	0x34421000  ORI	R2, R2, 4096
0xBFC000B4	0x0040F00A  MOVZ	R30, R2, R0
0xBFC000B8	0x409E7801  MTC0	R30, 15, 1
;__Lib_System.mpas, 152 :: 		
0xBFC000BC	0x34020020  ORI	R2, R0, 32
0xBFC000C0	0x0040F00A  MOVZ	R30, R2, R0
0xBFC000C4	0x409E6001  MTC0	R30, 12, 1
;__Lib_System.mpas, 154 :: 		
0xBFC000C8	0x3C020400  LUI	R2, 1024
0xBFC000CC	0x0040F00A  MOVZ	R30, R2, R0
0xBFC000D0	0x409E6002  MTC0	R30, 12, 2
;__Lib_System.mpas, 155 :: 		
0xBFC000D4	0x0000100A  MOVZ	R2, R0, R0
0xBFC000D8	0x0040F00A  MOVZ	R30, R2, R0
0xBFC000DC	0x409E6003  MTC0	R30, 12, 3
;__Lib_System.mpas, 160 :: 		
0xBFC000E0	0x3C020010  LUI	R2, 16
0xBFC000E4	0x0040F00A  MOVZ	R30, R2, R0
0xBFC000E8	0x409E6000  MTC0	R30, 12, 0
;__Lib_System.mpas, 163 :: 		
0xBFC000EC	0x34020032  ORI	R2, R0, 50
0xBFC000F0	0x3C1EBF88  LUI	R30, 49032
0xBFC000F4	0xAFC24000  SW	R2, 16384(R30)
;__Lib_System.mpas, 168 :: 		
0xBFC000F8	0x34021000  ORI	R2, R0, 4096
0xBFC000FC	0x3C1EBF88  LUI	R30, 49032
0xBFC00100	0xAFC21000  SW	R2, 4096(R30)
;__Lib_System.mpas, 174 :: 		
0xBFC00104	0x3C020080  LUI	R2, 128
0xBFC00108	0x0040F00A  MOVZ	R30, R2, R0
0xBFC0010C	0x409E6800  MTC0	R30, 13, 0
;__Lib_System.mpas, 180 :: 		
0xBFC00110	0x3C1E9D00  LUI	R30, hi_addr(_main+0)
;__Lib_System.mpas, 181 :: 		
0xBFC00114	0x37DE0094  ORI	R30, R30, lo_addr(_main+0)
;__Lib_System.mpas, 183 :: 		
0xBFC00118	0x03C00008  JR	R30
;__Lib_System.mpas, 184 :: 		
0xBFC0011C	0x70000000  NOP	
;__Lib_System.mpas, 186 :: 		
L_end___BootStartUp:
0xBFC00120	0x03E00008  JR	RA
0xBFC00124	0x27BD0004  ADDIU	SP, SP, 4
; end of ___BootStartUp
___BootGenExcept:
;__Lib_System.mpas, 86 :: 		
0x9D00007C	0x27BDFFFC  ADDIU	SP, SP, -4
;__Lib_System.mpas, 87 :: 		
L____BootGenExcept14:
0x9D000080	0x0B400020  J	L____BootGenExcept14
0x9D000084	0x70000000  NOP	
;__Lib_System.mpas, 89 :: 		
L_end___BootGenExcept:
0x9D000088	0x27BD0004  ADDIU	SP, SP, 4
0x9D00008C	0x42000018  ERET	
0x9D000090	0x70000000  NOP	
; end of ___BootGenExcept
___GenExcept:
;__Lib_System.mpas, 92 :: 		
0x9D000064	0x27BDFFFC  ADDIU	SP, SP, -4
;__Lib_System.mpas, 93 :: 		
L____GenExcept20:
0x9D000068	0x0B40001A  J	L____GenExcept20
0x9D00006C	0x70000000  NOP	
;__Lib_System.mpas, 95 :: 		
L_end___GenExcept:
0x9D000070	0x27BD0004  ADDIU	SP, SP, 4
0x9D000074	0x42000018  ERET	
0x9D000078	0x70000000  NOP	
; end of ___GenExcept
0x9D0000F4	0x03E0C80A  MOVZ	R25, RA, R0
0x9D0000F8	0x3C170000  LUI	R23, 0
0x9D0000FC	0x36F70000  ORI	R23, R23, 0
0x9D000100	0x3C160000  LUI	R22, 0
0x9D000104	0x36D60000  ORI	R22, R22, 0
0x9D000108	0x0F400011  JAL	___FillZeros
0x9D00010C	0x70000000  NOP	
0x9D000110	0x0320F80A  MOVZ	RA, R25, R0
0x9D000114	0x03E00008  JR	RA
0x9D000118	0x70000000  NOP	
Symbol List:
//** Routines locations **
//ADDRESS    SIZE    PROCEDURE
//----------------------------------------------
0x9D000000      [36]    _Init
0x9D000024      [32]    ___CC2DW
0x9D000044      [32]    ___FillZeros
0x9D000064      [24]    ___GenExcept
0x9D00007C      [24]    ___BootGenExcept
0x9D000094      [96]    _main
0xBFC00000     [296]    ___BootStartUp
//** Variables locations ** 
//ADDRESS    SIZE    VARIABLE
//----------------------------------------------
